[-0.2580000371149917                                 0.08114727962724039                                 -0.25404364340807256                                0.9286080589256769                                 ]
[0.270953288645098                                   0.7432407653602316                                  0.2691041785057586                                  -0.5493272441722548                                ]
[0.6455958466848019                                  0.3687738648156958                                  0.30363047696180573                                 0.5958358606463487                                 ]
[0.5489066672242285                                  0.41484143702791404                                 0.4330495200941404                                  0.582302469467235                                  ]
[0.6599880584284278                                  -0.3267776230264952                                 -0.3149388838494773                                 -0.5987033048686746                                ]
[-0.49112423239094716                                -0.5147263440511086                                 -0.42581018133043547                                0.5590522950257196                                 ]
[0.3837163120091761                                  0.7982334106052686                                  0.44567441119523354                                 0.13022877292418625                                ]
[0.19710894834648157                                 0.19699418031010357                                 -0.19735188212603474                                0.9398902010485086                                 ]
[3.785042544512221E-4                                -0.5925289980409664                                 -0.07633945278636903                                0.8019236442226751                                 ]
[-0.21892692215254084                                -0.12921440432931602                                -0.1560093149489799                                 0.9544819192209905                                 ]
[-0.4750734955339404                                 -0.17332452242332283                                -0.20563476825471125                                0.8378413488559283                                 ]
[-0.4750734955339404                                 -0.17332452242332283                                -0.20563476825471125                                0.8378413488559283                                 ]
[0.16698934591259892                                 -0.15554635413494777                                0.022579717899954378                                0.9733499095425892                                 ]
[-0.7056227707090826                                 0.6588155214826541                                  0.009966125954834763                                -0.26069002751127346                               ]
[-0.4925245983281499                                 -0.5114930765066417                                 -0.4411227456421636                                 0.5488215338382638                                 ]
[0.57259176438734                                    0.6310148668649185                                  0.33604178985044747                                 -0.4012914459907532                                ]
[-0.4605897572211177                                 -0.5157762308815064                                 -0.28287961656590704                                -0.6646887073902975                                ]
[0.3695383170982009                                  0.34245560427690114                                 0.5317937773205208                                  -0.6807062286322525                                ]
[0.3588208092997475                                  0.3389777177365364                                  0.5035836187223439                                  -0.7090453248178937                                ]
[-0.5947295143719965                                 -0.5094045465762472                                 0.02969628839288855                                 -0.6212261610057837                                ]
[0.08051511247093183                                 -0.47715953853343407                                -0.07098485054107403                                -0.8722369187577507                                ]
[0.2791543836316092                                  0.19357512717337005                                 0.2891841046213189                                  -0.894971538024219                                 ]
[-0.437548547322757                                  -0.6117350953287395                                 -0.2249649911252026                                 -0.619453141607112                                 ]
[-0.22867963188662457                                -0.5296991554521537                                 -0.5910349449515595                                 -0.5637394118913276                                ]
[-0.6081350845307578                                 -0.17413580521789737                                -0.6018957469310391                                 -0.48741147927619555                               ]
