[-0.6263151388248499                                 0.6522693044182507                                  -0.2850563781518034                                 -0.3178316577490611                                ]
[-0.581186208241015                                  0.6908312577834481                                  -0.2592578290459319                                 -0.34316197734912446                               ]
[-0.6264497782383835                                 0.6521453751010563                                  -0.28513389247703286                                -0.31775107936917935                               ]
[-0.6335993004877827                                 0.6454824561009074                                  -0.2892550478518133                                 -0.3134259762361408                                ]
[-0.6116292972407609                                 0.6654553907521723                                  -0.276621853938295                                  -0.3264338763048157                                ]
[-0.6335993004877827                                 0.6454824561009074                                  -0.2892550478518133                                 -0.3134259762361408                                ]
[-0.6264497782383835                                 0.6521453751010563                                  -0.28513389247703286                                -0.31775107936917935                               ]
[-0.668293416561131                                  0.6106896773077365                                  -0.3094047645304421                                 -0.29105105926054486                               ]
[-0.6335415479375522                                 0.6455369313480303                                  -0.28922171774272054                                -0.3134612819609607                                ]
[-0.64066014589672                                   0.6387402120961924                                  -0.2933350428521262                                 -0.3090632160996286                                ]
[-0.6262545775863736                                 0.652325029799783                                   -0.2850215130928504                                 -0.31786789177752256                               ]
[-0.640797222673812                                  0.6386076895587994                                  -0.2934143506905595                                 -0.3089775996067322                                ]
[-0.6264497782383835                                 0.6521453751010563                                  -0.28513389247703286                                -0.31775107936917935                               ]
[-0.6613588942769709                                 0.6179907245869107                                  -0.30535600315782246                                -0.29571876609503017                               ]
[-0.6263151388248499                                 0.6522693044182507                                  -0.2850563781518034                                 -0.3178316577490611                                ]
[-0.668293416561131                                  0.6106896773077365                                  -0.3094047645304421                                 -0.29105105926054486                               ]
[-0.43360242675061916                                0.7932601207493684                                  -0.16220194468962665                                -0.3954969601445437                                ]
[-0.49430897051449657                                0.752114610044688                                   -0.22185878384963492                                -0.3751812029606315                                ]
[-0.38267188453686285                                0.8109785617136623                                  -0.1715434460686588                                 -0.4079814301371261                                ]
[-0.582974261188537                                  0.699203007588549                                   -0.2295589033660642                                 -0.34432379362480436                               ]
[-0.5409103501291124                                 0.7220338620632539                                  -0.23854495582422516                                -0.3594153575016538                                ]
[-0.5665507679226507                                 0.7115177808341597                                  -0.22014783465081067                                -0.35255865585976887                               ]
[-0.5321337233775153                                 0.7293535821169694                                  -0.23568789792767927                                -0.35962239567073556                               ]
[-0.5999954210872865                                 0.6949441285397027                                  -0.20833214599353697                                -0.33712886234822836                               ]
[-0.3885073825000026                                 0.8105774213113257                                  -0.1603302286938118                                 -0.4078240742897217                                ]
[-0.5342068650322704                                 0.7413080252997482                                  -0.17118388936999537                                -0.3684854311892706                                ]
[-0.532114182127008                                  0.7268266098041779                                  -0.23157000123155969                                -0.3673593758017972                                ]
[-0.532114182127008                                  0.7268266098041779                                  -0.23157000123155969                                -0.3673593758017972                                ]
[-0.532114182127008                                  0.7268266098041779                                  -0.23157000123155969                                -0.3673593758017972                                ]
[-0.59837305779437                                   0.687120620843059                                   -0.23818925282994596                                -0.3362749112770337                                ]
[-0.5647773938976853                                 0.7035025549447841                                  -0.24996047588891468                                -0.35161116452935237                               ]
[-0.5607206121637902                                 0.7069771822280461                                  -0.25927990273838253                                -0.34431031198546963                               ]
[-0.5988285804416089                                 0.6867430075607254                                  -0.23847994157835248                                -0.336029299730727                                 ]
[-0.5961809592157444                                 0.6786484495365898                                  -0.26779105621414273                                -0.3351007251885493                                ]
[-0.5961809592157444                                 0.6786484495365898                                  -0.26779105621414273                                -0.3351007251885493                                ]
[-0.5961809592157444                                 0.6786484495365898                                  -0.26779105621414273                                -0.3351007251885493                                ]
[-0.5961809592157444                                 0.6786484495365898                                  -0.26779105621414273                                -0.3351007251885493                                ]
[-0.5961809592157444                                 0.6786484495365898                                  -0.26779105621414273                                -0.3351007251885493                                ]
[-0.7074478980889739                                 0.5657016575650927                                  -0.33249668870708415                                -0.26257390981669115                               ]
[-0.6114902469711527                                 0.6655771719975809                                  -0.27654218177515644                                -0.3265135949296716                                ]
[-0.6114902469711527                                 0.6655771719975809                                  -0.27654218177515644                                -0.3265135949296716                                ]
[-0.6548085562046119                                 0.6247219691139038                                  -0.3015417107166562                                 -0.3000346858710683                                ]
[-0.6548085562046119                                 0.6247219691139038                                  -0.3015417107166562                                 -0.3000346858710683                                ]
[-0.6548085562046119                                 0.6247219691139038                                  -0.3015417107166562                                 -0.3000346858710683                                ]
[-0.6264497782383835                                 0.6521453751010563                                  -0.28513389247703286                                -0.31775107936917935                               ]
[-0.6264497782383835                                 0.6521453751010563                                  -0.28513389247703286                                -0.31775107936917935                               ]
[-0.6264497782383835                                 0.6521453751010563                                  -0.28513389247703286                                -0.31775107936917935                               ]
[-0.640665694130869                                  0.6387348494173382                                  -0.2933382527917079                                 -0.309059751427989                                 ]
[-0.6264497782383835                                 0.6521453751010563                                  -0.28513389247703286                                -0.31775107936917935                               ]
[-0.6261804706085904                                 0.6523932037391499                                  -0.2849788507175172                                 -0.3179122215126299                                ]
