[-0.21892692215254084                                -0.12921440432931602                                -0.1560093149489799                                 0.9544819192209905                                 ]
[0.2791543836316092                                  0.19357512717337005                                 0.2891841046213189                                  -0.894971538024219                                 ]
[0.6444551764537696                                  0.7527152215818091                                  0.12554247822503767                                 0.04833639314330781                                ]
[0.45518252752527044                                 0.5730480111583655                                  0.3078351589514494                                  0.6079986500449522                                 ]
[-0.47507349553394035                                -0.1733245224233228                                 -0.20563476825471122                                0.8378413488559282                                 ]
[0.6501404515846901                                  0.43533270638588284                                 0.6122964905125191                                  -0.1135598329958721                                ]
[0.07794520918041163                                 0.5352958334214264                                  0.35063157073926254                                 0.7644870284631388                                 ]
[-0.23586010604543647                                -0.3956698540114543                                 0.5214037170049052                                  -0.7182990609044806                                ]
[-0.12638896390938623                                0.12518929810464385                                 0.01785906954055164                                 0.9838874544769459                                 ]
[-0.12638896390938623                                0.12518929810464385                                 0.01785906954055164                                 0.9838874544769459                                 ]
[-0.07610361645797231                                -0.20414986765020315                                -0.35666350398971447                                0.9084724629961005                                 ]
[3.785042544512221E-4                                -0.5925289980409664                                 -0.07633945278636903                                0.8019236442226751                                 ]
[-0.4750734955339404                                 -0.17332452242332283                                -0.20563476825471125                                0.8378413488559283                                 ]
[0.16698934591259892                                 -0.15554635413494777                                0.022579717899954378                                0.9733499095425892                                 ]
[-0.7056227707090826                                 0.6588155214826541                                  0.009966125954834763                                -0.26069002751127346                               ]
[-0.4925245983281499                                 -0.5114930765066417                                 -0.4411227456421636                                 0.5488215338382638                                 ]
[0.57259176438734                                    0.6310148668649185                                  0.33604178985044747                                 -0.4012914459907532                                ]
[-0.4605897572211177                                 -0.5157762308815064                                 -0.28287961656590704                                -0.6646887073902975                                ]
[0.3695383170982009                                  0.34245560427690114                                 0.5317937773205208                                  -0.6807062286322525                                ]
[0.3588208092997475                                  0.3389777177365364                                  0.5035836187223439                                  -0.7090453248178937                                ]
[-0.5947295143719965                                 -0.5094045465762472                                 0.02969628839288855                                 -0.6212261610057837                                ]
[0.08051511247093183                                 -0.47715953853343407                                -0.07098485054107403                                -0.8722369187577507                                ]
[-0.437548547322757                                  -0.6117350953287395                                 -0.2249649911252026                                 -0.619453141607112                                 ]
[-0.22867963188662457                                -0.5296991554521537                                 -0.5910349449515595                                 -0.5637394118913276                                ]
[-0.6081350845307578                                 -0.17413580521789737                                -0.6018957469310391                                 -0.48741147927619555                               ]
