[-0.35255906111871205                                -0.4860190780815154                                 -0.4321471881950908                                 -0.6728568732642649                                ]
[-0.4427395486171232                                 -0.2949982830173853                                 -0.5921921946221474                                 -0.6051992314401146                                ]
[-0.0015526737391276418                              -0.20553546409218165                                -0.26336163277009195                                -0.9425462389662073                                ]
[-0.1513346052743801                                 -0.41672075665291036                                -0.5040571194742051                                 -0.7411936781492677                                ]
[-0.2628690029076543                                 -0.3250417224621005                                 -0.2451055862802473                                 -0.874740542985989                                 ]
[0.12272487408595148                                 -0.13908032223667802                                -0.14602678201698624                                -0.9717363058880185                                ]
[-0.2520965938912452                                 -0.44457207808611066                                -0.40056357636007617                                -0.7604944418128612                                ]
[-0.22674194091969532                                0.006019852829972126                                -0.2688859505500913                                 -0.9360834360230121                                ]
[0.13425931290691775                                 -0.2779922264476732                                 -0.2636691682642973                                 -0.913878180415334                                 ]
[-0.22867963188662457                                -0.5296991554521537                                 -0.5910349449515595                                 -0.5637394118913276                                ]
[-0.04566017959077224                                -0.04485951221138822                                -0.15271709497148994                                -0.9861948393027433                                ]
[-0.3090938603745451                                 -0.2906296856306816                                 -0.5273663924084633                                 -0.7361250297789467                                ]
[-0.14984923104034525                                -0.5037489243310919                                 -0.4647288260901523                                 -0.7126074286679546                                ]
[-0.16021469385365775                                -0.34461644510368133                                -0.4748987115818499                                 -0.7937518323603285                                ]
[0.042619904121825626                                -0.3575974970950896                                 -0.36296877733707333                                -0.8593958578690055                                ]
[-0.2525809099992479                                 -0.3993610539288141                                 -0.5493664236592372                                 -0.6891372614107282                                ]
[-0.2202202875207676                                 -0.1778073920785629                                 -0.05780743453786425                                -0.9573640147815465                                ]
[-0.24678398788956862                                -0.5699611273822004                                 -0.46778022682571613                                -0.6288271908763281                                ]
[-0.6081350845307578                                 -0.17413580521789737                                -0.6018957469310391                                 -0.48741147927619555                               ]
[0.26578169983973277                                 0.18322506758957613                                 0.19590991610810415                                 -0.9259632646102183                                ]
[-0.14112412196139065                                -0.4850284195457917                                 -0.5287032808211065                                 -0.6821321391655258                                ]
[-0.04993650239859881                                -0.4271674049124625                                 -0.45203124137791845                                -0.7814743186611349                                ]
[-0.4413130094848884                                 -0.5572746124324905                                 -0.30150076707951246                                -0.6354408874538009                                ]
[-0.2479415182697825                                 -0.30267271223318315                                -0.31840784043009507                                -0.8634411849918482                                ]
[-0.011502468750724292                               -0.03697491959817784                                -0.31391550909348864                                -0.9486609519127067                                ]
