[0.27191378259396676                                 0.15814371648533374                                 0.22681678170602565                                 0.9217416163481871                                 ]
[0.3564179876780042                                  -0.8153170507908054                                 -0.2923888051494844                                 0.35033285796882097                                ]
[0.31017581576260067                                 0.389801974767289                                   -0.09890386704427864                                0.861431023859261                                  ]
[0.3776516778386984                                  -0.6639972116362216                                 -0.34772751111471073                                0.5436657899655883                                 ]
[0.12457480007789133                                 -0.4985694892888856                                 0.27435733057507233                                 0.8127961852121931                                 ]
[0.7659430502882247                                  0.180913932892302                                   0.11091714737917478                                 0.6068762468723555                                 ]
[0.7659430502882247                                  0.180913932892302                                   0.11091714737917478                                 0.6068762468723555                                 ]
[0.5664771196699391                                  -0.704982279655674                                  -0.12605608765717002                                0.40769292491593084                                ]
[-0.01767423839537664                                0.8365468558552848                                  0.18464157895070593                                 0.5155428852950752                                 ]
[0.28234688679842224                                 -0.2122358345827972                                 -0.202947380640163                                  0.913262583666647                                  ]
[-0.035813339370122356                               -0.8067164140778993                                 -0.38849304817230357                                0.4438459006257103                                 ]
[-0.0043415665851267325                              -0.13521364155005924                                -0.3408707579545717                                 0.9303255066426132                                 ]
[-0.07468103847662227                                -0.7637592243325411                                 -0.5123508034175229                                 0.3854753480787419                                 ]
[-0.15567788413922268                                -0.8792054573249681                                 -0.16967975449892944                                0.41709823916328337                                ]
[0.2554146914197971                                  -0.8139877546159912                                 -0.24094510558446863                                0.4627447750510381                                 ]
[0.40342367379704414                                 -0.036312009989385566                               0.0534403202966778                                  0.9127293736465456                                 ]
[0.6567865279950093                                  -0.6697038526172852                                 -0.2435563142703748                                 0.24659385274750273                                ]
[-0.5207932738430403                                 0.6420805681347598                                  0.19393835168580706                                 0.5281049381410711                                 ]
[0.6840676108373813                                  0.19440861404146748                                 0.560172982746752                                   0.4248093972481303                                 ]
[0.43489799822338665                                 0.5575801637266751                                  0.3122886255290521                                  0.6343846676307687                                 ]
[-0.11203910057334336                                -0.5349652429523196                                 -0.6532029609713633                                 0.5240088935828529                                 ]
[0.2805330479149138                                  0.3636398192850319                                  0.6909176957330786                                  0.5583010196845525                                 ]
[0.47324387875695106                                 -0.8406428322382948                                 -0.2627875373858844                                 0.017394539951274473                               ]
[-0.5338386896858205                                 0.19553634798490394                                 0.76399976589395                                    0.30510022570500045                                ]
[-0.4848988059333691                                 0.4963836940198801                                  0.5756522505109765                                  0.4325515724133007                                 ]
[0.5954624092798149                                  0.28157138837648266                                 0.7148768189648512                                  0.2347194199232642                                 ]
[0.8583108036671439                                  -0.024170582862017093                               0.45050049213405485                                 -0.24447423958230538                               ]
[0.6072532966105727                                  -0.5569766885037435                                 0.2969974991347471                                  -0.4825068784242374                                ]
[-0.009738462444165763                               0.012008172730126155                                0.959148607560729                                   -0.2824799369003434                                ]
[-0.8703751568349166                                 -0.1386836760451744                                 0.30115073799612885                                 -0.3640359286767974                                ]
[0.04675936321129007                                 -0.36836050027040884                                0.5610933561468944                                  -0.7397961540048875                                ]
[0.2690816715954092                                  0.44026128932748415                                 0.7160861787296078                                  -0.47009109304851776                               ]
[0.5321614807398249                                  0.15724341885317838                                 0.6217231014947976                                  -0.5527558689981055                                ]
[0.4613639793348443                                  0.5628598610000713                                  0.605527105371361                                   -0.321976676341437                                 ]
[-0.5682694650679343                                 0.4441740297614011                                  0.4518516171318515                                  -0.5249851068861406                                ]
[0.3695383170982009                                  0.34245560427690114                                 0.5317937773205208                                  -0.6807062286322525                                ]
[0.6770645535586354                                  -0.32682322623670657                                -0.6231657736591794                                 -0.2154868618882202                                ]
[-0.6081350845307578                                 -0.17413580521789737                                -0.6018957469310391                                 -0.48741147927619555                               ]
[-0.41536696765591685                                -0.7843332912690338                                 -0.3783906584982175                                 -0.2628917647030786                                ]
[-0.22867963188662457                                -0.5296991554521537                                 -0.5910349449515595                                 -0.5637394118913276                                ]
[-0.44646383377485754                                0.7054304992485773                                  0.33255115384391293                                 -0.438688483935972                                 ]
[0.5122823084899685                                  0.7081914389709557                                  0.3482572860565826                                  -0.3387456049677095                                ]
[0.57259176438734                                    0.6310148668649185                                  0.33604178985044747                                 -0.4012914459907532                                ]
[0.4600233891999921                                  -0.6332006662388621                                 0.07250381189010013                                 -0.6182059486328314                                ]
[-0.5984979360067438                                 0.6539015105639253                                  0.40291388229490327                                 -0.2277574115850744                                ]
[-0.5947295143719965                                 -0.5094045465762472                                 0.02969628839288855                                 -0.6212261610057837                                ]
[0.08051511247093183                                 -0.47715953853343407                                -0.07098485054107403                                -0.8722369187577507                                ]
[0.03126206241132046                                 0.8865564768863287                                  0.09232901748840702                                 -0.45223406469915217                               ]
[-0.7056227707090826                                 0.6588155214826541                                  0.009966125954834763                                -0.26069002751127346                               ]
[-0.7074478980889739                                 0.5657016575650927                                  -0.33249668870708415                                -0.26257390981669115                               ]
