[-0.6281296469742623                                 0.6505943700042622                                  -0.2861013158557286                                 -0.31674303366667167                               ]
[-0.6264497782383835                                 0.6521453751010563                                  -0.28513389247703286                                -0.31775107936917935                               ]
[-0.6264161210855942                                 0.652176360242196                                   -0.28511451512489455                                -0.31777122533422647                               ]
[-0.6264497782383835                                 0.6521453751010563                                  -0.28513389247703286                                -0.31775107936917935                               ]
[-0.6263824621323445                                 0.6522073435088344                                  -0.2850951369532731                                 -0.3177913703859278                                ]
[-0.6264497782383835                                 0.6521453751010563                                  -0.28513389247703286                                -0.31775107936917935                               ]
[-0.6264161210855942                                 0.652176360242196                                   -0.28511451512489455                                -0.31777122533422647                               ]
[-0.6280625110815737                                 0.6506565255622958                                  -0.28606264238556217                                -0.3167834158356458                                ]
[-0.6372091070002545                                 0.6420560007443582                                  -0.29133965792723815                                -0.3112070847248481                                ]
[-0.6901329795419324                                 0.6028937217222403                                  -0.27356936225096157                                -0.2922249730842359                                ]
[-0.6335690212718942                                 0.6455110183946486                                  -0.2892375730506066                                 -0.3134444875117007                                ]
[-0.6335000218626733                                 0.6455760942762084                                  -0.28919775265399106                                -0.31348666424418997                               ]
[-0.66189284006898                                   0.6670680696507485                                  -0.11121260015906467                                -0.3233416401945528                                ]
[-0.629933061883025                                  0.648919420906674                                   -0.2871404954800432                                 -0.3156552844042041                                ]
[-0.6371429465868604                                 0.6421191836479855                                  -0.2913014277260791                                 -0.31124796836382024                               ]
[-0.6300348720667095                                 0.6488245564593607                                  -0.287199180291026                                  -0.3155937036053819                                ]
[-0.6548085562046119                                 0.6247219691139038                                  -0.3015417107166562                                 -0.3000346858710683                                ]
[-0.6548085562046119                                 0.6247219691139038                                  -0.3015417107166562                                 -0.3000346858710683                                ]
[-0.6548085562046119                                 0.6247219691139038                                  -0.3015417107166562                                 -0.3000346858710683                                ]
[-0.629938894636929                                  0.6489139869650151                                  -0.2871438575062478                                 -0.31565175691132147                               ]
[-0.6264497782383835                                 0.6521453751010563                                  -0.28513389247703286                                -0.31775107936917935                               ]
[-0.6264497782383835                                 0.6521453751010563                                  -0.28513389247703286                                -0.31775107936917935                               ]
[-0.6335964933646249                                 0.645485104176253                                   -0.2892534277916712                                 -0.31342769244818053                               ]
[-0.6300058281095342                                 0.6488516223193357                                  -0.28718243874269883                                -0.31561127299160635                               ]
[-0.6264497782383835                                 0.6521453751010563                                  -0.28513389247703286                                -0.31775107936917935                               ]
[-0.6335299506997015                                 0.6455478691756646                                  -0.2892150248331608                                 -0.3134683709402705                                ]
[-0.6335993004877827                                 0.6454824561009074                                  -0.2892550478518133                                 -0.3134259762361408                                ]
[-0.6263824621323445                                 0.6522073435088344                                  -0.2850951369532731                                 -0.3177913703859278                                ]
[-0.6335327737606622                                 0.6455452066717949                                  -0.28921665405413943                                -0.3134666453259734                                ]
[-0.6264497782383835                                 0.6521453751010563                                  -0.28513389247703286                                -0.31775107936917935                               ]
[-0.629938894636929                                  0.6489139869650151                                  -0.2871438575062478                                 -0.31565175691132147                               ]
[-0.62631513882485                                   0.6522693044182508                                  -0.28505637815180346                                -0.31783165774906114                               ]
[-0.6334634007511486                                 0.6456106267532782                                  -0.2891766185495746                                 -0.3135090458284465                                ]
[-0.62631513882485                                   0.6522693044182508                                  -0.28505637815180346                                -0.31783165774906114                               ]
[-0.6264497782383835                                 0.6521453751010563                                  -0.28513389247703286                                -0.31775107936917935                               ]
[-0.6335993004877827                                 0.6454824561009074                                  -0.2892550478518133                                 -0.3134259762361408                                ]
[-0.6335993004877827                                 0.6454824561009074                                  -0.2892550478518133                                 -0.3134259762361408                                ]
[-0.6264497782383835                                 0.6521453751010563                                  -0.28513389247703286                                -0.31775107936917935                               ]
[-0.6335415479375522                                 0.6455369313480303                                  -0.28922171774272054                                -0.3134612819609607                                ]
[-0.6406601458967202                                 0.6387402120961925                                  -0.29333504285212625                                -0.30906321609962867                               ]
[-0.6262545775863737                                 0.6523250297997831                                  -0.28502151309285045                                -0.3178678917775226                                ]
[-0.6407972226738121                                 0.6386076895587995                                  -0.29341435069055954                                -0.30897759960673227                               ]
[-0.6264497782383835                                 0.6521453751010563                                  -0.28513389247703286                                -0.31775107936917935                               ]
[-0.62631513882485                                   0.6522693044182508                                  -0.28505637815180346                                -0.31783165774906114                               ]
[-0.6264497782383835                                 0.6521453751010563                                  -0.28513389247703286                                -0.31775107936917935                               ]
[-0.6264497782383835                                 0.6521453751010563                                  -0.28513389247703286                                -0.31775107936917935                               ]
[-0.6264497782383835                                 0.6521453751010563                                  -0.28513389247703286                                -0.31775107936917935                               ]
[-0.640665694130869                                  0.6387348494173382                                  -0.2933382527917079                                 -0.309059751427989                                 ]
[-0.6264497782383835                                 0.6521453751010563                                  -0.28513389247703286                                -0.31775107936917935                               ]
[-0.6261804706085904                                 0.6523932037391499                                  -0.2849788507175172                                 -0.3179122215126299                                ]
