[0.07353796046215842                                 0.9498957055605761                                  -0.05821529775195684                                -0.2981632036926963                                ]
[-0.06563183772876237                                0.4950631701901982                                  0.056861803591292594                                0.8645065960939348                                 ]
[-0.6988660403805222                                 0.37688634310892616                                 0.6073528658889742                                  -0.02579609034875176                               ]
[-0.3726926169625049                                 -0.8322595221839197                                 0.4026793004251882                                  -0.07933272972055389                               ]
[0.13425931290691773                                 -0.27799222644767313                                -0.26366916826429726                                -0.9138781804153339                                ]
[-0.2946526143420972                                 0.3965756156328865                                  0.2037887666155457                                  -0.8452087059111961                                ]
[0.08020952601503654                                 0.26627321261440207                                 0.20722547576278808                                 -0.937935291145042                                 ]
[0.33120681281836234                                 0.13581780651210212                                 0.4186854066988398                                  -0.8346005636197297                                ]
[-0.34146011610252386                                -0.06697488571635636                                0.3519852334079805                                  0.8689221767553533                                 ]
[-0.34146011610252386                                -0.06697488571635636                                0.3519852334079805                                  0.8689221767553533                                 ]
[3.785042544512221E-4                                -0.5925289980409664                                 -0.07633945278636903                                0.8019236442226751                                 ]
[-0.4848988059333691                                 0.4963836940198801                                  0.5756522505109765                                  0.4325515724133007                                 ]
[0.2407220027718847                                  0.8194490512484023                                  -0.26455104545774866                                0.44784920915057824                                ]
[-0.06847472940070473                                -0.3179195463796706                                 -0.20288453297475825                                0.923621264232726                                  ]
[-0.7056227707090826                                 0.6588155214826541                                  0.009966125954834763                                -0.26069002751127346                               ]
[0.57259176438734                                    0.6310148668649185                                  0.33604178985044747                                 -0.4012914459907532                                ]
[0.5007144866224542                                  0.7034940430900561                                  0.022664612536196022                                -0.5038526069812508                                ]
[0.3695383170982009                                  0.34245560427690114                                 0.5317937773205208                                  -0.6807062286322525                                ]
[-0.2946526143420973                                 0.39657561563288657                                 0.20378876661554574                                 -0.8452087059111962                                ]
[-0.5947295143719965                                 -0.5094045465762472                                 0.02969628839288855                                 -0.6212261610057837                                ]
[0.08051511247093183                                 -0.47715953853343407                                -0.07098485054107403                                -0.8722369187577507                                ]
[0.2665441120437292                                  -0.08070006286813469                                0.2726019418960294                                  -0.9209396926305288                                ]
[0.4405259755375623                                  0.09242492930843                                    0.1764112470234205                                  -0.8753705325418789                                ]
[-0.22867963188662457                                -0.5296991554521537                                 -0.5910349449515595                                 -0.5637394118913276                                ]
[-0.6081350845307578                                 -0.17413580521789737                                -0.6018957469310391                                 -0.48741147927619555                               ]
