[-0.10056901169652999                                0.4137183786873681                                  -0.47315752291770197                                -0.7712619111100087                                ]
[0.11499160127933075                                 -0.00628337511815816                                -0.030263373530122158                               -0.9928854813395733                                ]
[0.1085346948807069                                  -0.38133880385009766                                -0.16919122398954742                                -0.9023166109577323                                ]
[-0.4413130094848884                                 -0.5572746124324905                                 -0.30150076707951246                                -0.6354408874538009                                ]
[0.040237272568875215                                0.3995682097374259                                  0.39756061942162463                                 -0.8250283398456931                                ]
[-0.3359029297607893                                 0.0583778876640133                                  -0.25124608520653                                   -0.905889976033734                                 ]
[0.26578169983973277                                 0.18322506758957613                                 0.19590991610810415                                 -0.9259632646102183                                ]
[0.11074389094567082                                 0.620138121099549                                   0.12945175887876093                                 -0.7657719918490945                                ]
[0.2407220027718847                                  0.8194490512484023                                  -0.26455104545774866                                0.44784920915057824                                ]
[-0.06847472940070473                                -0.3179195463796706                                 -0.20288453297475825                                0.923621264232726                                  ]
[-0.7056227707090826                                 0.6588155214826541                                  0.009966125954834763                                -0.26069002751127346                               ]
[0.57259176438734                                    0.6310148668649185                                  0.33604178985044747                                 -0.4012914459907532                                ]
[0.5007144866224542                                  0.7034940430900561                                  0.022664612536196022                                -0.5038526069812508                                ]
[0.3695383170982009                                  0.34245560427690114                                 0.5317937773205208                                  -0.6807062286322525                                ]
[-0.2946526143420973                                 0.39657561563288657                                 0.20378876661554574                                 -0.8452087059111962                                ]
[-0.2946526143420973                                 0.39657561563288657                                 0.20378876661554574                                 -0.8452087059111962                                ]
[-0.5947295143719965                                 -0.5094045465762472                                 0.02969628839288855                                 -0.6212261610057837                                ]
[0.08051511247093183                                 -0.47715953853343407                                -0.07098485054107403                                -0.8722369187577507                                ]
[0.3312068128183624                                  0.13581780651210215                                 0.41868540669883986                                 -0.8346005636197298                                ]
[0.2665441120437292                                  -0.08070006286813469                                0.2726019418960294                                  -0.9209396926305288                                ]
[0.4405259755375623                                  0.09242492930843                                    0.1764112470234205                                  -0.8753705325418789                                ]
[0.08020952601503654                                 0.26627321261440207                                 0.20722547576278808                                 -0.937935291145042                                 ]
[0.13425931290691775                                 -0.2779922264476732                                 -0.2636691682642973                                 -0.913878180415334                                 ]
[-0.22867963188662457                                -0.5296991554521537                                 -0.5910349449515595                                 -0.5637394118913276                                ]
[-0.6081350845307578                                 -0.17413580521789737                                -0.6018957469310391                                 -0.48741147927619555                               ]
