[-0.1991480572306629                                 -0.09974454689556667                                0.1798046526951604                                  -0.9581551876053396                                ]
[-0.7179452176748764                                 0.6209466255701308                                  -0.16820175429908318                                -0.265872380027623                                 ]
[-0.14918137361259728                                0.8804940375160059                                  -0.01539422089836104                                -0.4497090010537413                                ]
[-0.7179452176748764                                 0.6209466255701308                                  -0.16820175429908318                                -0.265872380027623                                 ]
[0.10562642890073777                                 0.6070033929447782                                  0.2009750004810819                                  -0.7615766459476248                                ]
[-0.47215078222259516                                0.7933817040456536                                  0.11041981028974357                                 -0.36800350002110516                               ]
[-0.6391973445667043                                 0.623740351681215                                   0.3188771089953467                                  -0.31732021325821325                               ]
[-0.46326642810618573                                0.7686841639684239                                  -0.19325542244602645                                -0.3964356370826285                                ]
[-0.729240857722432                                  0.1162256262630107                                  0.2609889569365939                                  -0.6217589079258709                                ]
[-0.5141700820581406                                 0.7585542069459908                                  -0.07452391182595738                                -0.3932821231724381                                ]
[-0.46326642810618573                                0.7686841639684239                                  -0.19325542244602645                                -0.3964356370826285                                ]
[-0.2985159332354957                                 0.8461228267989614                                  -0.14826185370886147                                -0.41591203674465577                               ]
[-0.6301968930811208                                 0.46822867371360716                                 -0.16389230800575114                                -0.5972881184485813                                ]
[-0.5040383430312783                                 0.4853466051324323                                  -0.0013141332824266128                              -0.7144104525372108                                ]
[-0.17410087722843076                                0.8830446907471285                                  0.07544930866479174                                 -0.4292183133483517                                ]
[-0.1587295595071064                                 0.8791692577938538                                  -0.015371058956524374                               -0.4490323748188312                                ]
[0.36963683914239054                                 0.5073164810255875                                  0.667801778035718                                   -0.4000492225726365                                ]
[0.2690816715954092                                  0.44026128932748415                                 0.7160861787296078                                  -0.47009109304851776                               ]
[0.4613639793348443                                  0.5628598610000713                                  0.605527105371361                                   -0.321976676341437                                 ]
[0.5321614807398249                                  0.15724341885317838                                 0.6217231014947976                                  -0.5527558689981055                                ]
[0.3695383170982009                                  0.34245560427690114                                 0.5317937773205208                                  -0.6807062286322525                                ]
[-0.5682694650679343                                 0.4441740297614011                                  0.4518516171318515                                  -0.5249851068861406                                ]
[-0.6081350845307578                                 -0.17413580521789737                                -0.6018957469310391                                 -0.48741147927619555                               ]
[-0.41536696765591685                                -0.7843332912690338                                 -0.3783906584982175                                 -0.2628917647030786                                ]
[-0.22867963188662457                                -0.5296991554521537                                 -0.5910349449515595                                 -0.5637394118913276                                ]
[0.30934069556724403                                 0.6383263562952083                                  0.3961913745371028                                  -0.5829924456348108                                ]
[0.4600233891999921                                  -0.6332006662388621                                 0.07250381189010013                                 -0.6182059486328314                                ]
[-0.3318892609177141                                 -0.6771794523974758                                 -0.4996958898316988                                 -0.42612383813095345                               ]
[-0.11439510249977883                                0.7271715809018485                                  0.5940791209926549                                  -0.3243535886241529                                ]
[-0.668911532869741                                  0.5819837568124903                                  0.22805227958027768                                 -0.4022989258977861                                ]
[-0.5947295143719965                                 -0.5094045465762472                                 0.02969628839288855                                 -0.6212261610057837                                ]
[-0.5276491910792473                                 0.6860844491881792                                  0.3713252891140861                                  -0.33614281101922877                               ]
[-0.44646383377485754                                0.7054304992485773                                  0.33255115384391293                                 -0.438688483935972                                 ]
[0.57259176438734                                    0.6310148668649185                                  0.33604178985044747                                 -0.4012914459907532                                ]
[-0.42654799584832875                                0.17652865345881408                                 -0.31280937448436663                                -0.8300871863729083                                ]
[-0.5984979360067438                                 0.6539015105639253                                  0.40291388229490327                                 -0.2277574115850744                                ]
[-0.2944392331209453                                 -0.3801149788253671                                 -0.38052002151231434                                -0.7899510453819327                                ]
[0.5122823084899685                                  0.7081914389709557                                  0.3482572860565826                                  -0.3387456049677095                                ]
[0.08051511247093183                                 -0.47715953853343407                                -0.07098485054107403                                -0.8722369187577507                                ]
[-0.07208246408798334                                0.19536990794966214                                 0.36037545328288373                                 -0.9092657752878974                                ]
[-0.21171290291205186                                0.8315244432290048                                  0.21908938655087837                                 -0.4644831404410775                                ]
[-0.2982812468607149                                 -0.3797683013206986                                 -0.02458142187682778                                -0.8753285604741353                                ]
[0.3939623778318389                                  0.2429638048968882                                  0.1359214854796539                                  -0.8759495328773882                                ]
[-0.5684248695459799                                 0.7303981335323824                                  0.16435571846837616                                 -0.3411728770298015                                ]
[0.03126206241132046                                 0.8865564768863287                                  0.09232901748840702                                 -0.45223406469915217                               ]
[-0.7056227707090826                                 0.6588155214826541                                  0.009966125954834763                                -0.26069002751127346                               ]
[-0.36973527838725645                                0.8422618083163833                                  0.05557658846261147                                 -0.3883324773726395                                ]
[-0.1755003725323908                                 0.890338131372281                                   -0.010366296485910172                               -0.4199882986020839                                ]
[-0.1418166973078885                                 0.8669251387279803                                  -0.020338666767351018                               -0.477404615436719                                 ]
[-0.7074478980889739                                 0.5657016575650927                                  -0.33249668870708415                                -0.26257390981669115                               ]
