[0.10178967959574399                                 -0.06158374514088596                                0.020797432472266206                                -0.9926800946250407                                ]
[-0.04993650239859881                                -0.4271674049124625                                 -0.45203124137791845                                -0.7814743186611349                                ]
[-0.5445498581478634                                 -0.37970167522884063                                -0.46870874182727446                                -0.5827556993751732                                ]
[-0.26763675965022143                                -0.25503725715674425                                -0.488458992349033                                  -0.7904014012761248                                ]
[-0.01150246875072429                                -0.036974919598177836                               -0.3139155090934886                                 -0.9486609519127066                                ]
[-0.22674194091969532                                0.006019852829972126                                -0.2688859505500913                                 -0.9360834360230121                                ]
[-0.22022028752076758                                -0.17780739207856286                                -0.057807434537864244                               -0.9573640147815464                                ]
[-0.24678398788956862                                -0.5699611273822004                                 -0.46778022682571613                                -0.6288271908763281                                ]
[-0.10056901169652999                                0.4137183786873681                                  -0.47315752291770197                                -0.7712619111100087                                ]
[-0.3359029297607893                                 0.0583778876640133                                  -0.25124608520653                                   -0.905889976033734                                 ]
[-0.5947295143719965                                 -0.5094045465762472                                 0.02969628839288855                                 -0.6212261610057837                                ]
[0.11499160127933075                                 -0.00628337511815816                                -0.030263373530122158                               -0.9928854813395733                                ]
[0.1085346948807069                                  -0.38133880385009766                                -0.16919122398954742                                -0.9023166109577323                                ]
[0.08051511247093183                                 -0.47715953853343407                                -0.07098485054107403                                -0.8722369187577507                                ]
[0.3312068128183624                                  0.13581780651210215                                 0.41868540669883986                                 -0.8346005636197298                                ]
[0.04023727256887522                                 0.39956820973742596                                 0.3975606194216247                                  -0.8250283398456932                                ]
[0.2665441120437292                                  -0.08070006286813469                                0.2726019418960294                                  -0.9209396926305288                                ]
[0.4405259755375623                                  0.09242492930843                                    0.1764112470234205                                  -0.8753705325418789                                ]
[0.11074389094567082                                 0.620138121099549                                   0.12945175887876093                                 -0.7657719918490945                                ]
[0.08020952601503654                                 0.26627321261440207                                 0.20722547576278808                                 -0.937935291145042                                 ]
[0.13425931290691775                                 -0.2779922264476732                                 -0.2636691682642973                                 -0.913878180415334                                 ]
[-0.22867963188662457                                -0.5296991554521537                                 -0.5910349449515595                                 -0.5637394118913276                                ]
[-0.6081350845307578                                 -0.17413580521789737                                -0.6018957469310391                                 -0.48741147927619555                               ]
[0.26578169983973277                                 0.18322506758957613                                 0.19590991610810415                                 -0.9259632646102183                                ]
[-0.4413130094848884                                 -0.5572746124324905                                 -0.30150076707951246                                -0.6354408874538009                                ]
