[-0.07610361645797231                                -0.20414986765020315                                -0.35666350398971447                                0.9084724629961005                                 ]
[0.3588208092997475                                  0.3389777177365364                                  0.5035836187223439                                  -0.7090453248178937                                ]
[0.5489066672242285                                  0.41484143702791404                                 0.4330495200941404                                  0.582302469467235                                  ]
[0.1669893459125989                                  -0.15554635413494775                                0.022579717899954374                                0.973349909542589                                  ]
[-0.4742355020016556                                 -0.8108646962724849                                 0.09829924647057992                                 0.3285367424253868                                 ]
[0.20762085916215112                                 0.5225746967874971                                  0.18909361301172403                                 0.8050173107681586                                 ]
[-0.1263889639093862                                 0.12518929810464383                                 0.017859069540551636                                0.9838874544769458                                 ]
[0.691512766527408                                   0.6564723443463134                                  0.2988956351550939                                  -0.03893011845986138                               ]
[0.4806295847959545                                  0.18730768727130612                                 0.6368502028773931                                  0.5730033609002361                                 ]
[-0.4282496548257416                                 0.42352278940782534                                 -0.21965546828393023                                0.767451728284467                                  ]
[-0.2045043997924247                                 0.5902764115178548                                  -0.40523116921100494                                0.6674873841287386                                 ]
[-0.12638896390938623                                0.12518929810464385                                 0.01785906954055164                                 0.9838874544769459                                 ]
[-0.12638896390938623                                0.12518929810464385                                 0.01785906954055164                                 0.9838874544769459                                 ]
[3.785042544512221E-4                                -0.5925289980409664                                 -0.07633945278636903                                0.8019236442226751                                 ]
[-0.4750734955339404                                 -0.17332452242332283                                -0.20563476825471125                                0.8378413488559283                                 ]
[-0.7056227707090826                                 0.6588155214826541                                  0.009966125954834763                                -0.26069002751127346                               ]
[-0.4925245983281499                                 -0.5114930765066417                                 -0.4411227456421636                                 0.5488215338382638                                 ]
[0.57259176438734                                    0.6310148668649185                                  0.33604178985044747                                 -0.4012914459907532                                ]
[-0.4605897572211177                                 -0.5157762308815064                                 -0.28287961656590704                                -0.6646887073902975                                ]
[0.3695383170982009                                  0.34245560427690114                                 0.5317937773205208                                  -0.6807062286322525                                ]
[-0.5947295143719965                                 -0.5094045465762472                                 0.02969628839288855                                 -0.6212261610057837                                ]
[0.08051511247093183                                 -0.47715953853343407                                -0.07098485054107403                                -0.8722369187577507                                ]
[-0.437548547322757                                  -0.6117350953287395                                 -0.2249649911252026                                 -0.619453141607112                                 ]
[-0.22867963188662457                                -0.5296991554521537                                 -0.5910349449515595                                 -0.5637394118913276                                ]
[-0.6081350845307578                                 -0.17413580521789737                                -0.6018957469310391                                 -0.48741147927619555                               ]
