[-0.6190834003221656                                 0.6588437006168394                                  -0.280897981705147                                  -0.3221134046838602                                ]
[-0.6299388946369289                                 0.648913986965015                                   -0.28714385750624777                                -0.3156517569113214                                ]
[-0.6264497782383835                                 0.6521453751010563                                  -0.28513389247703286                                -0.31775107936917935                               ]
[-0.6264497782383835                                 0.6521453751010563                                  -0.28513389247703286                                -0.31775107936917935                               ]
[-0.6335964933646248                                 0.6454851041762529                                  -0.2892534277916711                                 -0.3134276924481805                                ]
[-0.6300058281095342                                 0.6488516223193357                                  -0.28718243874269883                                -0.31561127299160635                               ]
[-0.6264497782383835                                 0.6521453751010563                                  -0.28513389247703286                                -0.31775107936917935                               ]
[-0.6335299506997014                                 0.6455478691756645                                  -0.28921502483316075                                -0.31346837094027047                               ]
[-0.6335993004877827                                 0.6454824561009074                                  -0.2892550478518133                                 -0.3134259762361408                                ]
[-0.6263824621323445                                 0.6522073435088344                                  -0.2850951369532731                                 -0.3177913703859278                                ]
[-0.6335327737606622                                 0.6455452066717949                                  -0.28921665405413943                                -0.3134666453259734                                ]
[-0.6264497782383835                                 0.6521453751010563                                  -0.28513389247703286                                -0.31775107936917935                               ]
[-0.6630592548518834                                 0.6254376227104851                                  -0.2768193768698551                                 -0.3042223483620283                                ]
[-0.6299388946369289                                 0.648913986965015                                   -0.28714385750624777                                -0.3156517569113214                                ]
[-0.6263151388248499                                 0.6522693044182507                                  -0.2850563781518034                                 -0.3178316577490611                                ]
[-0.6334634007511486                                 0.6456106267532782                                  -0.2891766185495746                                 -0.3135090458284465                                ]
[-0.5607206121637902                                 0.7069771822280461                                  -0.25927990273838253                                -0.34431031198546963                               ]
[-0.5988285804416089                                 0.6867430075607254                                  -0.23847994157835248                                -0.336029299730727                                 ]
[-0.5961809592157444                                 0.6786484495365898                                  -0.26779105621414273                                -0.3351007251885493                                ]
[-0.5961809592157444                                 0.6786484495365898                                  -0.26779105621414273                                -0.3351007251885493                                ]
[-0.5961809592157444                                 0.6786484495365898                                  -0.26779105621414273                                -0.3351007251885493                                ]
[-0.5961809592157444                                 0.6786484495365898                                  -0.26779105621414273                                -0.3351007251885493                                ]
[-0.5961809592157444                                 0.6786484495365898                                  -0.26779105621414273                                -0.3351007251885493                                ]
[-0.7074478980889739                                 0.5657016575650927                                  -0.33249668870708415                                -0.26257390981669115                               ]
[-0.668293416561131                                  0.6106896773077365                                  -0.3094047645304421                                 -0.29105105926054486                               ]
[-0.668293416561131                                  0.6106896773077365                                  -0.3094047645304421                                 -0.29105105926054486                               ]
[-0.6116292972407608                                 0.6654553907521722                                  -0.27662185393829497                                -0.32643387630481563                               ]
[-0.6114902469711527                                 0.6655771719975809                                  -0.27654218177515644                                -0.3265135949296716                                ]
[-0.6114902469711527                                 0.6655771719975809                                  -0.27654218177515644                                -0.3265135949296716                                ]
[-0.661358894276971                                  0.6179907245869108                                  -0.3053560031578225                                 -0.2957187660950302                                ]
[-0.6548085562046119                                 0.6247219691139038                                  -0.3015417107166562                                 -0.3000346858710683                                ]
[-0.6548085562046119                                 0.6247219691139038                                  -0.3015417107166562                                 -0.3000346858710683                                ]
[-0.6548085562046119                                 0.6247219691139038                                  -0.3015417107166562                                 -0.3000346858710683                                ]
[-0.62631513882485                                   0.6522693044182508                                  -0.28505637815180346                                -0.31783165774906114                               ]
[-0.6264497782383835                                 0.6521453751010563                                  -0.28513389247703286                                -0.31775107936917935                               ]
[-0.6335993004877827                                 0.6454824561009074                                  -0.2892550478518133                                 -0.3134259762361408                                ]
[-0.6335993004877827                                 0.6454824561009074                                  -0.2892550478518133                                 -0.3134259762361408                                ]
[-0.6264497782383835                                 0.6521453751010563                                  -0.28513389247703286                                -0.31775107936917935                               ]
[-0.6335415479375522                                 0.6455369313480303                                  -0.28922171774272054                                -0.3134612819609607                                ]
[-0.6406601458967202                                 0.6387402120961925                                  -0.29333504285212625                                -0.30906321609962867                               ]
[-0.6262545775863737                                 0.6523250297997831                                  -0.28502151309285045                                -0.3178678917775226                                ]
[-0.6407972226738121                                 0.6386076895587995                                  -0.29341435069055954                                -0.30897759960673227                               ]
[-0.6264497782383835                                 0.6521453751010563                                  -0.28513389247703286                                -0.31775107936917935                               ]
[-0.62631513882485                                   0.6522693044182508                                  -0.28505637815180346                                -0.31783165774906114                               ]
[-0.6264497782383835                                 0.6521453751010563                                  -0.28513389247703286                                -0.31775107936917935                               ]
[-0.6264497782383835                                 0.6521453751010563                                  -0.28513389247703286                                -0.31775107936917935                               ]
[-0.6264497782383835                                 0.6521453751010563                                  -0.28513389247703286                                -0.31775107936917935                               ]
[-0.640665694130869                                  0.6387348494173382                                  -0.2933382527917079                                 -0.309059751427989                                 ]
[-0.6264497782383835                                 0.6521453751010563                                  -0.28513389247703286                                -0.31775107936917935                               ]
[-0.6261804706085904                                 0.6523932037391499                                  -0.2849788507175172                                 -0.3179122215126299                                ]
