[0.1868006679805713                                  0.5716634146614449                                  0.15521346458433283                                 0.7837188470308452                                 ]
[-0.1352300385891331                                 0.5705601063800173                                  0.3282295554613235                                  0.7405669183756907                                 ]
[-0.2904407800056285                                 -0.515327993170096                                  -0.2943277737888233                                 0.7506346477092027                                 ]
[0.3103400298133762                                  -0.8241946099306647                                 -0.3024755146948627                                 -0.3645557212097351                                ]
[0.5489066672242285                                  0.41484143702791404                                 0.4330495200941404                                  0.582302469467235                                  ]
[0.1868006679805713                                  0.5716634146614449                                  0.15521346458433283                                 0.7837188470308452                                 ]
[-0.394609983183158                                  0.42948358925152397                                 0.20573627048924342                                 0.7858112971579074                                 ]
[-0.3644051256010491                                 -0.3408378458545196                                 -0.5181873393403174                                 0.6946368465726082                                 ]
[0.16698934591259892                                 -0.15554635413494777                                0.022579717899954378                                0.9733499095425892                                 ]
[-0.7056227707090826                                 0.6588155214826541                                  0.009966125954834763                                -0.26069002751127346                               ]
[-0.4925245983281499                                 -0.5114930765066417                                 -0.4411227456421636                                 0.5488215338382638                                 ]
[0.57259176438734                                    0.6310148668649185                                  0.33604178985044747                                 -0.4012914459907532                                ]
[0.2588956105732504                                  -0.7446343738029859                                 -0.2954159952938604                                 0.539649980914923                                  ]
[0.27095328864509804                                 0.7432407653602318                                  0.26910417850575863                                 -0.5493272441722549                                ]
[-0.4605897572211177                                 -0.5157762308815064                                 -0.28287961656590704                                -0.6646887073902975                                ]
[0.3695383170982009                                  0.34245560427690114                                 0.5317937773205208                                  -0.6807062286322525                                ]
[-0.7004226724578468                                 0.4221732551407076                                  0.22844609596702187                                 -0.5281952326444579                                ]
[0.3588208092997475                                  0.3389777177365364                                  0.5035836187223439                                  -0.7090453248178937                                ]
[-0.5947295143719965                                 -0.5094045465762472                                 0.02969628839288855                                 -0.6212261610057837                                ]
[0.08051511247093183                                 -0.47715953853343407                                -0.07098485054107403                                -0.8722369187577507                                ]
[0.6599880584284279                                  -0.32677762302649527                                -0.3149388838494774                                 -0.5987033048686747                                ]
[0.2791543836316092                                  0.19357512717337005                                 0.2891841046213189                                  -0.894971538024219                                 ]
[-0.437548547322757                                  -0.6117350953287395                                 -0.2249649911252026                                 -0.619453141607112                                 ]
[-0.22867963188662457                                -0.5296991554521537                                 -0.5910349449515595                                 -0.5637394118913276                                ]
[-0.6081350845307578                                 -0.17413580521789737                                -0.6018957469310391                                 -0.48741147927619555                               ]
