[0.36963683914239054                                 0.5073164810255875                                  0.667801778035718                                   -0.4000492225726365                                ]
[-0.4265479958483287                                 0.17652865345881405                                 -0.3128093744843666                                 -0.8300871863729082                                ]
[-0.17550037253239079                                0.8903381313722809                                  -0.01036629648591017                                -0.41998829860208386                               ]
[-0.3318892609177141                                 -0.6771794523974758                                 -0.4996958898316988                                 -0.42612383813095345                               ]
[-0.07208246408798334                                0.19536990794966214                                 0.36037545328288373                                 -0.9092657752878974                                ]
[-0.36973527838725645                                0.8422618083163833                                  0.05557658846261147                                 -0.3883324773726395                                ]
[-0.1418166973078885                                 0.8669251387279803                                  -0.020338666767351018                               -0.477404615436719                                 ]
[-0.5276491910792473                                 0.6860844491881792                                  0.3713252891140861                                  -0.33614281101922877                               ]
[-0.668911532869741                                  0.5819837568124903                                  0.22805227958027768                                 -0.4022989258977861                                ]
[0.39396237783183885                                 0.24296380489688818                                 0.13592148547965388                                 -0.8759495328773881                                ]
[0.309340695567244                                   0.6383263562952082                                  0.39619137453710274                                 -0.5829924456348107                                ]
[-0.11439510249977881                                0.7271715809018484                                  0.5940791209926548                                  -0.32435358862415287                               ]
[-0.21171290291205183                                0.8315244432290047                                  0.21908938655087834                                 -0.46448314044107747                               ]
[-0.2944392331209452                                 -0.38011497882536704                                -0.3805200215123143                                 -0.7899510453819326                                ]
[-0.5684248695459798                                 0.7303981335323823                                  0.16435571846837613                                 -0.3411728770298014                                ]
[-0.2982812468607149                                 -0.3797683013206986                                 -0.02458142187682778                                -0.8753285604741353                                ]
[0.3756163203189863                                  -0.8044154812414624                                 -0.19715036477270495                                0.41588441557610767                                ]
[-0.5207932738430403                                 0.6420805681347598                                  0.19393835168580706                                 0.5281049381410711                                 ]
[0.4806295847959545                                  0.18730768727130612                                 0.6368502028773931                                  0.5730033609002361                                 ]
[0.4565822032423792                                  -0.03660362621378485                                0.6913189823655936                                  0.5588120711396064                                 ]
[0.2805330479149138                                  0.3636398192850319                                  0.6909176957330786                                  0.5583010196845525                                 ]
[-0.4848988059333691                                 0.4963836940198801                                  0.5756522505109765                                  0.4325515724133007                                 ]
[-0.11203910057334336                                -0.5349652429523196                                 -0.6532029609713633                                 0.5240088935828529                                 ]
[0.6840676108373813                                  0.19440861404146748                                 0.560172982746752                                   0.4248093972481303                                 ]
[0.4732438787569512                                  -0.8406428322382951                                 -0.26278753738588445                                0.017394539951274476                               ]
[-0.5338386896858205                                 0.19553634798490394                                 0.76399976589395                                    0.30510022570500045                                ]
[0.5954624092798149                                  0.28157138837648266                                 0.7148768189648512                                  0.2347194199232642                                 ]
[0.8583108036671439                                  -0.024170582862017093                               0.45050049213405485                                 -0.24447423958230538                               ]
[0.6072532966105727                                  -0.5569766885037435                                 0.2969974991347471                                  -0.4825068784242374                                ]
[-0.009738462444165763                               0.012008172730126155                                0.959148607560729                                   -0.2824799369003434                                ]
[-0.8703751568349166                                 -0.1386836760451744                                 0.30115073799612885                                 -0.3640359286767974                                ]
[0.04675936321129007                                 -0.36836050027040884                                0.5610933561468944                                  -0.7397961540048875                                ]
[0.2690816715954092                                  0.44026128932748415                                 0.7160861787296078                                  -0.47009109304851776                               ]
[0.4613639793348443                                  0.5628598610000713                                  0.605527105371361                                   -0.321976676341437                                 ]
[0.5321614807398249                                  0.15724341885317838                                 0.6217231014947976                                  -0.5527558689981055                                ]
[0.3695383170982009                                  0.34245560427690114                                 0.5317937773205208                                  -0.6807062286322525                                ]
[-0.5682694650679343                                 0.4441740297614011                                  0.4518516171318515                                  -0.5249851068861406                                ]
[-0.6081350845307578                                 -0.17413580521789737                                -0.6018957469310391                                 -0.48741147927619555                               ]
[-0.41536696765591685                                -0.7843332912690338                                 -0.3783906584982175                                 -0.2628917647030786                                ]
[-0.22867963188662457                                -0.5296991554521537                                 -0.5910349449515595                                 -0.5637394118913276                                ]
[0.4600233891999921                                  -0.6332006662388621                                 0.07250381189010013                                 -0.6182059486328314                                ]
[-0.5947295143719965                                 -0.5094045465762472                                 0.02969628839288855                                 -0.6212261610057837                                ]
[-0.44646383377485754                                0.7054304992485773                                  0.33255115384391293                                 -0.438688483935972                                 ]
[0.57259176438734                                    0.6310148668649185                                  0.33604178985044747                                 -0.4012914459907532                                ]
[-0.5984979360067438                                 0.6539015105639253                                  0.40291388229490327                                 -0.2277574115850744                                ]
[0.5122823084899685                                  0.7081914389709557                                  0.3482572860565826                                  -0.3387456049677095                                ]
[0.08051511247093183                                 -0.47715953853343407                                -0.07098485054107403                                -0.8722369187577507                                ]
[0.03126206241132046                                 0.8865564768863287                                  0.09232901748840702                                 -0.45223406469915217                               ]
[-0.7056227707090825                                 0.658815521482654                                   0.009966125954834761                                -0.2606900275112734                                ]
[-0.7074478980889739                                 0.5657016575650927                                  -0.33249668870708415                                -0.26257390981669115                               ]
