[0.4326312389252531                                  0.3657021319357959                                  0.6181730732130628                                  0.5449350542568643                                 ]
[0.16131257702108298                                 0.11653656843754506                                 -0.3646527416780832                                 0.9096295172751793                                 ]
[-0.03389414135529417                                0.2187671252921632                                  0.19607019109259996                                 0.9552741031966173                                 ]
[0.05529412944816505                                 0.19492231038173075                                 -0.20226172554353605                                0.9581430198796885                                 ]
[0.4326312389252531                                  0.3657021319357959                                  0.6181730732130628                                  0.5449350542568643                                 ]
[0.6934674828344688                                  0.06582670083616578                                 0.037927045485075604                                0.716471377606269                                  ]
[-0.6101464032103163                                 -0.008337713179613092                               -0.11432298281378696                                0.7839528715356601                                 ]
[0.16131257702108298                                 0.11653656843754506                                 -0.3646527416780832                                 0.9096295172751793                                 ]
[0.16698934591259892                                 -0.15554635413494777                                0.022579717899954378                                0.9733499095425892                                 ]
[-0.7056227707090826                                 0.6588155214826541                                  0.009966125954834763                                -0.26069002751127346                               ]
[-0.4925245983281499                                 -0.5114930765066417                                 -0.4411227456421636                                 0.5488215338382638                                 ]
[0.57259176438734                                    0.6310148668649185                                  0.33604178985044747                                 -0.4012914459907532                                ]
[0.2588956105732504                                  -0.7446343738029859                                 -0.2954159952938604                                 0.539649980914923                                  ]
[0.27095328864509804                                 0.7432407653602318                                  0.26910417850575863                                 -0.5493272441722549                                ]
[-0.4605897572211177                                 -0.5157762308815064                                 -0.28287961656590704                                -0.6646887073902975                                ]
[0.3695383170982009                                  0.34245560427690114                                 0.5317937773205208                                  -0.6807062286322525                                ]
[-0.7004226724578468                                 0.4221732551407076                                  0.22844609596702187                                 -0.5281952326444579                                ]
[0.3588208092997475                                  0.3389777177365364                                  0.5035836187223439                                  -0.7090453248178937                                ]
[-0.5947295143719965                                 -0.5094045465762472                                 0.02969628839288855                                 -0.6212261610057837                                ]
[0.08051511247093183                                 -0.47715953853343407                                -0.07098485054107403                                -0.8722369187577507                                ]
[0.6599880584284279                                  -0.32677762302649527                                -0.3149388838494774                                 -0.5987033048686747                                ]
[0.2791543836316092                                  0.19357512717337005                                 0.2891841046213189                                  -0.894971538024219                                 ]
[-0.437548547322757                                  -0.6117350953287395                                 -0.2249649911252026                                 -0.619453141607112                                 ]
[-0.22867963188662457                                -0.5296991554521537                                 -0.5910349449515595                                 -0.5637394118913276                                ]
[-0.6081350845307578                                 -0.17413580521789737                                -0.6018957469310391                                 -0.48741147927619555                               ]
