[-0.07610361645797231                                -0.20414986765020315                                -0.35666350398971447                                0.9084724629961005                                 ]
[0.03208277450523838                                 0.17628446208237078                                 -0.2413894944721062                                 0.953742940192417                                  ]
[0.4326312389252531                                  0.3657021319357959                                  0.6181730732130628                                  0.5449350542568643                                 ]
[-0.0660967106667179                                 -0.2577359305239374                                 0.2193814113328053                                  0.9386560665747741                                 ]
[0.03208277450523838                                 0.17628446208237078                                 -0.2413894944721062                                 0.953742940192417                                  ]
[0.07794520918041163                                 0.5352958334214264                                  0.35063157073926254                                 0.7644870284631388                                 ]
[0.30029689789764186                                 0.3775813654058069                                  0.38504918063787374                                 0.7867599469351766                                 ]
[0.03208277450523838                                 0.17628446208237078                                 -0.2413894944721062                                 0.953742940192417                                  ]
[-0.4750734955339404                                 -0.17332452242332283                                -0.20563476825471125                                0.8378413488559283                                 ]
[-0.4750734955339404                                 -0.17332452242332283                                -0.20563476825471125                                0.8378413488559283                                 ]
[0.16698934591259892                                 -0.15554635413494777                                0.022579717899954378                                0.9733499095425892                                 ]
[-0.7056227707090826                                 0.6588155214826541                                  0.009966125954834763                                -0.26069002751127346                               ]
[-0.4925245983281499                                 -0.5114930765066417                                 -0.4411227456421636                                 0.5488215338382638                                 ]
[0.57259176438734                                    0.6310148668649185                                  0.33604178985044747                                 -0.4012914459907532                                ]
[0.27095328864509804                                 0.7432407653602318                                  0.26910417850575863                                 -0.5493272441722549                                ]
[-0.4605897572211177                                 -0.5157762308815064                                 -0.28287961656590704                                -0.6646887073902975                                ]
[0.3695383170982009                                  0.34245560427690114                                 0.5317937773205208                                  -0.6807062286322525                                ]
[0.3588208092997475                                  0.3389777177365364                                  0.5035836187223439                                  -0.7090453248178937                                ]
[-0.5947295143719965                                 -0.5094045465762472                                 0.02969628839288855                                 -0.6212261610057837                                ]
[0.08051511247093183                                 -0.47715953853343407                                -0.07098485054107403                                -0.8722369187577507                                ]
[0.6599880584284279                                  -0.32677762302649527                                -0.3149388838494774                                 -0.5987033048686747                                ]
[0.2791543836316092                                  0.19357512717337005                                 0.2891841046213189                                  -0.894971538024219                                 ]
[-0.437548547322757                                  -0.6117350953287395                                 -0.2249649911252026                                 -0.619453141607112                                 ]
[-0.22867963188662457                                -0.5296991554521537                                 -0.5910349449515595                                 -0.5637394118913276                                ]
[-0.6081350845307578                                 -0.17413580521789737                                -0.6018957469310391                                 -0.48741147927619555                               ]
