[-0.04093909250114809                                0.3329686073169366                                  0.6065144346729503                                  0.7208301726342713                                 ]
[0.3837163120091761                                  0.7982334106052686                                  0.44567441119523354                                 0.13022877292418625                                ]
[0.8315924917563817                                  -0.33261816867869415                                0.14102384380620162                                 -0.42181910459030636                               ]
[-0.7004226724578468                                 0.4221732551407076                                  0.22844609596702187                                 -0.5281952326444579                                ]
[-0.24660339199778492                                0.48680459660182934                                 0.5148474468223987                                  0.6611657570405282                                 ]
[-0.21892692215254084                                -0.12921440432931602                                -0.1560093149489799                                 0.9544819192209905                                 ]
[0.07794520918041163                                 0.5352958334214264                                  0.35063157073926254                                 0.7644870284631388                                 ]
[-0.32348793459889136                                -0.27013591375019286                                -0.40212649919905413                                0.8128200433756569                                 ]
[-0.4750734955339404                                 -0.17332452242332283                                -0.20563476825471125                                0.8378413488559283                                 ]
[-0.4750734955339404                                 -0.17332452242332283                                -0.20563476825471125                                0.8378413488559283                                 ]
[0.16698934591259892                                 -0.15554635413494777                                0.022579717899954378                                0.9733499095425892                                 ]
[-0.7056227707090826                                 0.6588155214826541                                  0.009966125954834763                                -0.26069002751127346                               ]
[-0.4925245983281499                                 -0.5114930765066417                                 -0.4411227456421636                                 0.5488215338382638                                 ]
[0.57259176438734                                    0.6310148668649185                                  0.33604178985044747                                 -0.4012914459907532                                ]
[0.27095328864509804                                 0.7432407653602318                                  0.26910417850575863                                 -0.5493272441722549                                ]
[-0.4605897572211177                                 -0.5157762308815064                                 -0.28287961656590704                                -0.6646887073902975                                ]
[0.3695383170982009                                  0.34245560427690114                                 0.5317937773205208                                  -0.6807062286322525                                ]
[0.3588208092997475                                  0.3389777177365364                                  0.5035836187223439                                  -0.7090453248178937                                ]
[-0.5947295143719965                                 -0.5094045465762472                                 0.02969628839288855                                 -0.6212261610057837                                ]
[0.08051511247093183                                 -0.47715953853343407                                -0.07098485054107403                                -0.8722369187577507                                ]
[0.6599880584284279                                  -0.32677762302649527                                -0.3149388838494774                                 -0.5987033048686747                                ]
[0.2791543836316092                                  0.19357512717337005                                 0.2891841046213189                                  -0.894971538024219                                 ]
[-0.437548547322757                                  -0.6117350953287395                                 -0.2249649911252026                                 -0.619453141607112                                 ]
[-0.22867963188662457                                -0.5296991554521537                                 -0.5910349449515595                                 -0.5637394118913276                                ]
[-0.6081350845307578                                 -0.17413580521789737                                -0.6018957469310391                                 -0.48741147927619555                               ]
