[-0.6548085562046119                                 0.6247219691139038                                  -0.3015417107166562                                 -0.3000346858710683                                ]
[-0.5999954210872864                                 0.6949441285397026                                  -0.20833214599353694                                -0.3371288623482283                                ]
[-0.532114182127008                                  0.7268266098041779                                  -0.23157000123155969                                -0.3673593758017972                                ]
[-0.29148029043148116                                0.8481865809976928                                  -0.11174812016666459                                -0.4279382218786262                                ]
[-0.43360242675061916                                0.7932601207493684                                  -0.16220194468962665                                -0.3954969601445437                                ]
[-0.5998125210990111                                 0.7066196561647539                                  -0.1655436021951434                                 -0.33691084403252647                               ]
[-0.48000655152969773                                0.7620943952116931                                  -0.20659945793467194                                -0.3822597379486769                                ]
[-0.6548085562046119                                 0.6247219691139038                                  -0.3015417107166562                                 -0.3000346858710683                                ]
[-0.5961809592157444                                 0.6786484495365898                                  -0.26779105621414273                                -0.3351007251885493                                ]
[-0.5961809592157444                                 0.6786484495365898                                  -0.26779105621414273                                -0.3351007251885493                                ]
[-0.5342068650322704                                 0.7413080252997482                                  -0.17118388936999537                                -0.3684854311892706                                ]
[-0.35064661968400856                                0.8255956484800465                                  -0.13969134889010046                                -0.41943426226317504                               ]
[-0.38850738250000255                                0.8105774213113256                                  -0.16033022869381178                                -0.40782407428972167                               ]
[-0.6548085562046119                                 0.6247219691139038                                  -0.3015417107166562                                 -0.3000346858710683                                ]
[-0.40800336276196547                                0.7990414663814148                                  -0.16690563852526935                                -0.4089113581284316                                ]
[-0.6261804706085904                                 0.6523932037391499                                  -0.2849788507175172                                 -0.3179122215126299                                ]
[-0.1587295595071064                                 0.8791692577938538                                  -0.015371058956524374                               -0.4490323748188312                                ]
[-0.1418166973078885                                 0.8669251387279803                                  -0.020338666767351018                               -0.477404615436719                                 ]
[-0.613560523728094                                  0.71604745039376                                    -0.03338467528482859                                -0.33121744513722307                               ]
[-0.4678187726293004                                 0.7930587989011505                                  -0.09817867444020764                                -0.377576860183782                                 ]
[-0.4755714617579128                                 0.7964035827568948                                  -0.0953844794993236                                 -0.3612131215834594                                ]
[-0.2397606769833036                                 0.8714908356848695                                  -0.039317154038184116                               -0.4259961296633264                                ]
[-0.26982450101079086                                0.8604745377721197                                  -0.09424555510006653                                -0.42177729175954354                               ]
[-0.7179452176748765                                 0.6209466255701309                                  -0.1682017542990832                                 -0.26587238002762303                               ]
[-0.7179452176748765                                 0.6209466255701309                                  -0.1682017542990832                                 -0.26587238002762303                               ]
[-0.31086639431784757                                0.832751451987081                                   -0.11020013815378686                                -0.4446830710158813                                ]
[-0.35597122226577105                                0.8286493476842738                                  -0.117996497308828                                  -0.4155737890241496                                ]
[-0.4092904737695658                                 0.8084947293591124                                  -0.11228792567656394                                -0.407687383208353                                 ]
[-0.5141700820581406                                 0.7585542069459908                                  -0.07452391182595738                                -0.3932821231724381                                ]
[-0.3828761500558726                                 0.8237992033055405                                  -0.12505957335844234                                -0.3988995230167043                                ]
[-0.2308041982927095                                 0.8666764057995973                                  -0.08321818509554516                                -0.43436869517744375                               ]
[-0.4896909319227144                                 0.7652392631912477                                  -0.13430451853107847                                -0.3956942728487678                                ]
[-0.4896909319227144                                 0.7652392631912477                                  -0.13430451853107847                                -0.3956942728487678                                ]
[-0.5306150722318231                                 0.7504708541083006                                  -0.14363486441940201                                -0.3668925837048157                                ]
[-0.5241403916376615                                 0.7579334315310214                                  -0.1633764334564321                                 -0.35230938706282794                               ]
[-0.5979121791077595                                 0.7043809249658898                                  -0.1831876807268008                                 -0.33584343413076256                               ]
[-0.3506466196840086                                 0.8255956484800466                                  -0.1396913488901005                                 -0.4194342622631751                                ]
[-0.3506466196840086                                 0.8255956484800466                                  -0.1396913488901005                                 -0.4194342622631751                                ]
[-0.6015195161189475                                 0.7086306115743747                                  -0.1478547469738038                                 -0.33786965218123316                               ]
[-0.29851593323549575                                0.8461228267989616                                  -0.1482618537088615                                 -0.4159120367446558                                ]
[-0.559074570488525                                  0.7233667198156714                                  -0.17261361471430803                                -0.36657980483306496                               ]
[-0.46326642810618573                                0.7686841639684239                                  -0.19325542244602645                                -0.3964356370826285                                ]
[-0.46326642810618573                                0.7686841639684239                                  -0.19325542244602645                                -0.3964356370826285                                ]
[-0.38267188453686285                                0.8109785617136623                                  -0.1715434460686588                                 -0.4079814301371261                                ]
[-0.532114182127008                                  0.7268266098041779                                  -0.23157000123155969                                -0.3673593758017972                                ]
[-0.532114182127008                                  0.7268266098041779                                  -0.23157000123155969                                -0.3673593758017972                                ]
[-0.5961809592157444                                 0.6786484495365898                                  -0.26779105621414273                                -0.3351007251885493                                ]
[-0.5961809592157444                                 0.6786484495365898                                  -0.26779105621414273                                -0.3351007251885493                                ]
[-0.5961809592157444                                 0.6786484495365898                                  -0.26779105621414273                                -0.3351007251885493                                ]
[-0.7074478980889739                                 0.5657016575650927                                  -0.33249668870708415                                -0.26257390981669115                               ]
