[-0.2897162033397203                                 0.5779086336585831                                  -0.004747112570771352                               0.7629309258298079                                 ]
[0.19488325139632104                                 -0.10183157603804738                                0.4958508548044673                                  0.8401087895245977                                 ]
[0.7173272113249478                                  -0.6307919539386063                                 0.1305643048872239                                  0.26551110151631063                                ]
[0.5675150853618903                                  -0.7039342793511886                                 -0.2047977051813403                                 0.3747813471792133                                 ]
[-0.15567788413922268                                -0.8792054573249681                                 -0.16967975449892944                                0.41709823916328337                                ]
[0.2874593883809727                                  0.5301314874871503                                  0.020459353589283906                                0.7974391016604384                                 ]
[-0.6850609428723655                                 5.499195331917416E-4                                -0.27119457885514436                                0.6761247684702237                                 ]
[0.6915583283279971                                  -0.06113248745814752                                0.5604321929381353                                  0.4515812824020922                                 ]
[-0.00709651072539342                                -0.07085249469595951                                -0.35849596103405895                                0.9308115864411818                                 ]
[0.8035996747207745                                  0.2970544136636307                                  0.3319951245940077                                  0.3946713510725489                                 ]
[0.06583250823417107                                 0.6759602948644249                                  -0.060872426198473994                               0.7314631285000694                                 ]
[-0.5146353599186569                                 0.3348336643173177                                  -0.47824772123016973                                0.6279458421706304                                 ]
[0.2929641203196682                                  -0.8529642831733178                                 0.08499768534670636                                 0.4235556035772087                                 ]
[0.8078095967623644                                  0.015288465402602461                                -0.026801630802133648                               0.5886353631838692                                 ]
[-0.6850609428723655                                 5.499195331917416E-4                                -0.27119457885514436                                0.6761247684702237                                 ]
[0.6567865279950093                                  -0.669703852617285                                  -0.24355631427037477                                0.2465938527475027                                 ]
[0.4732438787569511                                  -0.840642832238295                                  -0.26278753738588445                                0.017394539951274476                               ]
[-0.5338386896858205                                 0.19553634798490394                                 0.76399976589395                                    0.30510022570500045                                ]
[-0.4178087758013468                                 0.09999035922201084                                 0.8306596385744799                                  0.35417837281424686                                ]
[-0.13275079796875408                                -0.7067039071062077                                 -0.6107846692502232                                 0.3314949488730939                                 ]
[0.3324028492890454                                  0.6778798055397879                                  0.4991102625567586                                  0.42529549825549173                                ]
[0.3324028492890454                                  0.6778798055397879                                  0.4991102625567586                                  0.42529549825549173                                ]
[0.59416932763991                                    -0.7369956645259372                                 -0.21441635284848556                                0.2404700151641846                                 ]
[-0.4848988059333691                                 0.4963836940198801                                  0.5756522505109765                                  0.4325515724133007                                 ]
[0.6639549467942127                                  0.4640912627385186                                  0.4752984903160855                                  0.3433285213618459                                 ]
[0.5954624092798149                                  0.28157138837648266                                 0.7148768189648512                                  0.2347194199232642                                 ]
[0.8583108036671439                                  -0.024170582862017093                               0.45050049213405485                                 -0.24447423958230538                               ]
[0.6072532966105727                                  -0.5569766885037435                                 0.2969974991347471                                  -0.4825068784242374                                ]
[-0.009738462444165763                               0.012008172730126155                                0.959148607560729                                   -0.2824799369003434                                ]
[-0.8703751568349166                                 -0.1386836760451744                                 0.30115073799612885                                 -0.3640359286767974                                ]
[0.04675936321129007                                 -0.36836050027040884                                0.5610933561468944                                  -0.7397961540048875                                ]
[0.2690816715954092                                  0.44026128932748415                                 0.7160861787296078                                  -0.47009109304851776                               ]
[0.5321614807398249                                  0.15724341885317838                                 0.6217231014947976                                  -0.5527558689981055                                ]
[0.4613639793348443                                  0.5628598610000713                                  0.605527105371361                                   -0.321976676341437                                 ]
[-0.5682694650679343                                 0.4441740297614011                                  0.4518516171318515                                  -0.5249851068861406                                ]
[0.3695383170982009                                  0.34245560427690114                                 0.5317937773205208                                  -0.6807062286322525                                ]
[0.6770645535586354                                  -0.32682322623670657                                -0.6231657736591794                                 -0.2154868618882202                                ]
[-0.6081350845307578                                 -0.17413580521789737                                -0.6018957469310391                                 -0.48741147927619555                               ]
[-0.41536696765591685                                -0.7843332912690338                                 -0.3783906584982175                                 -0.2628917647030786                                ]
[-0.22867963188662457                                -0.5296991554521537                                 -0.5910349449515595                                 -0.5637394118913276                                ]
[-0.44646383377485754                                0.7054304992485773                                  0.33255115384391293                                 -0.438688483935972                                 ]
[0.5122823084899685                                  0.7081914389709557                                  0.3482572860565826                                  -0.3387456049677095                                ]
[0.57259176438734                                    0.6310148668649185                                  0.33604178985044747                                 -0.4012914459907532                                ]
[0.4600233891999921                                  -0.6332006662388621                                 0.07250381189010013                                 -0.6182059486328314                                ]
[-0.5984979360067438                                 0.6539015105639253                                  0.40291388229490327                                 -0.2277574115850744                                ]
[-0.5947295143719965                                 -0.5094045465762472                                 0.02969628839288855                                 -0.6212261610057837                                ]
[0.08051511247093183                                 -0.47715953853343407                                -0.07098485054107403                                -0.8722369187577507                                ]
[0.03126206241132046                                 0.8865564768863287                                  0.09232901748840702                                 -0.45223406469915217                               ]
[-0.7056227707090826                                 0.6588155214826541                                  0.009966125954834763                                -0.26069002751127346                               ]
[-0.7074478980889739                                 0.5657016575650927                                  -0.33249668870708415                                -0.26257390981669115                               ]
