[-0.4866115637716458                                 0.1104085593206093                                  -0.387935266280502                                  0.7749357168232325                                 ]
[0.05204412889674155                                 -0.22136040830301631                                -0.3654837671733277                                 0.9026143108859364                                 ]
[-0.15567788413922268                                -0.8792054573249681                                 -0.16967975449892944                                0.41709823916328337                                ]
[-0.2999672593795728                                 -0.08778069939434596                                -0.6035296457984549                                 0.7335299303754                                    ]
[-0.8141913549428318                                 0.5564703933434506                                  -0.0976807838451489                                 0.13375949811485616                                ]
[0.10445068103258227                                 -0.6799124548204374                                 -0.4908161298746119                                 0.5347042506533723                                 ]
[-0.4178087758013468                                 0.09999035922201084                                 0.8306596385744799                                  0.35417837281424686                                ]
[0.645918395949938                                   0.35732678368354315                                 0.3249905866137065                                  0.59117519742316                                   ]
[0.4312027834055494                                  -0.18004573967617502                                -0.27773865174239576                                0.8393503038279561                                 ]
[-0.46394349573764676                                -0.14621021722253835                                -0.19600031639915824                                0.8514475210568766                                 ]
[0.49955890384094687                                 -0.15121224525346524                                -0.08818333003137122                                0.8484099591490046                                 ]
[0.8035996747207745                                  0.2970544136636307                                  0.3319951245940077                                  0.3946713510725489                                 ]
[0.3564179876780042                                  -0.8153170507908054                                 -0.2923888051494844                                 0.35033285796882097                                ]
[0.7399444089192639                                  -0.20158019697200932                                0.041347286678856184                                0.6404202509150876                                 ]
[-0.5149514477601977                                 -0.5990427855274622                                 -0.4962831454309834                                 0.36010524450263803                                ]
[-0.32270844688503764                                -0.8184326003406908                                 -0.2507605989091712                                 0.4039139252901984                                 ]
[-0.5207932738430403                                 0.6420805681347598                                  0.19393835168580706                                 0.5281049381410711                                 ]
[0.6840676108373813                                  0.19440861404146748                                 0.560172982746752                                   0.4248093972481303                                 ]
[0.43489799822338665                                 0.5575801637266751                                  0.3122886255290521                                  0.6343846676307687                                 ]
[-0.11203910057334336                                -0.5349652429523196                                 -0.6532029609713633                                 0.5240088935828529                                 ]
[0.35641798767800426                                 -0.8153170507908055                                 -0.29238880514948445                                0.350332857968821                                  ]
[0.2805330479149138                                  0.3636398192850319                                  0.6909176957330786                                  0.5583010196845525                                 ]
[0.4732438787569511                                  -0.840642832238295                                  -0.26278753738588445                                0.017394539951274476                               ]
[-0.5338386896858205                                 0.19553634798490394                                 0.76399976589395                                    0.30510022570500045                                ]
[-0.4848988059333691                                 0.4963836940198801                                  0.5756522505109765                                  0.4325515724133007                                 ]
[0.5954624092798149                                  0.28157138837648266                                 0.7148768189648512                                  0.2347194199232642                                 ]
[0.8583108036671439                                  -0.024170582862017093                               0.45050049213405485                                 -0.24447423958230538                               ]
[0.6072532966105727                                  -0.5569766885037435                                 0.2969974991347471                                  -0.4825068784242374                                ]
[-0.009738462444165763                               0.012008172730126155                                0.959148607560729                                   -0.2824799369003434                                ]
[-0.8703751568349166                                 -0.1386836760451744                                 0.30115073799612885                                 -0.3640359286767974                                ]
[0.04675936321129007                                 -0.36836050027040884                                0.5610933561468944                                  -0.7397961540048875                                ]
[0.2690816715954092                                  0.44026128932748415                                 0.7160861787296078                                  -0.47009109304851776                               ]
[0.5321614807398249                                  0.15724341885317838                                 0.6217231014947976                                  -0.5527558689981055                                ]
[0.4613639793348443                                  0.5628598610000713                                  0.605527105371361                                   -0.321976676341437                                 ]
[-0.5682694650679343                                 0.4441740297614011                                  0.4518516171318515                                  -0.5249851068861406                                ]
[0.3695383170982009                                  0.34245560427690114                                 0.5317937773205208                                  -0.6807062286322525                                ]
[0.6770645535586354                                  -0.32682322623670657                                -0.6231657736591794                                 -0.2154868618882202                                ]
[-0.6081350845307578                                 -0.17413580521789737                                -0.6018957469310391                                 -0.48741147927619555                               ]
[-0.41536696765591685                                -0.7843332912690338                                 -0.3783906584982175                                 -0.2628917647030786                                ]
[-0.22867963188662457                                -0.5296991554521537                                 -0.5910349449515595                                 -0.5637394118913276                                ]
[-0.44646383377485754                                0.7054304992485773                                  0.33255115384391293                                 -0.438688483935972                                 ]
[0.5122823084899685                                  0.7081914389709557                                  0.3482572860565826                                  -0.3387456049677095                                ]
[0.57259176438734                                    0.6310148668649185                                  0.33604178985044747                                 -0.4012914459907532                                ]
[0.4600233891999921                                  -0.6332006662388621                                 0.07250381189010013                                 -0.6182059486328314                                ]
[-0.5984979360067438                                 0.6539015105639253                                  0.40291388229490327                                 -0.2277574115850744                                ]
[-0.5947295143719965                                 -0.5094045465762472                                 0.02969628839288855                                 -0.6212261610057837                                ]
[0.08051511247093183                                 -0.47715953853343407                                -0.07098485054107403                                -0.8722369187577507                                ]
[0.03126206241132046                                 0.8865564768863287                                  0.09232901748840702                                 -0.45223406469915217                               ]
[-0.7056227707090826                                 0.6588155214826541                                  0.009966125954834763                                -0.26069002751127346                               ]
[-0.7074478980889739                                 0.5657016575650927                                  -0.33249668870708415                                -0.26257390981669115                               ]
