[-0.08765282771309105                                -0.19479092133393344                                -0.40283341888110336                                -0.8899992783100096                                ]
[-0.10463763645572038                                -0.47538989399249765                                -0.4257732833284553                                 -0.7627401424669278                                ]
[-0.04566017959077224                                -0.04485951221138822                                -0.15271709497148994                                -0.9861948393027433                                ]
[-0.24794151826978247                                -0.3026727122331831                                 -0.318407840430095                                  -0.8634411849918481                                ]
[-0.14112412196139063                                -0.4850284195457916                                 -0.5287032808211064                                 -0.6821321391655257                                ]
[-0.30023532986617824                                -0.5387005998305388                                 -0.3889576923579907                                 -0.684377325747947                                 ]
[-0.30023532986617824                                -0.5387005998305388                                 -0.3889576923579907                                 -0.684377325747947                                 ]
[-0.3090938603745451                                 -0.2906296856306816                                 -0.5273663924084633                                 -0.7361250297789467                                ]
[0.11074389094567082                                 0.620138121099549                                   0.12945175887876093                                 -0.7657719918490945                                ]
[0.08020952601503654                                 0.26627321261440207                                 0.20722547576278808                                 -0.937935291145042                                 ]
[-0.5445498581478634                                 -0.37970167522884063                                -0.46870874182727446                                -0.5827556993751732                                ]
[-0.26763675965022143                                -0.25503725715674425                                -0.488458992349033                                  -0.7904014012761248                                ]
[0.13425931290691775                                 -0.2779922264476732                                 -0.2636691682642973                                 -0.913878180415334                                 ]
[-0.22867963188662457                                -0.5296991554521537                                 -0.5910349449515595                                 -0.5637394118913276                                ]
[-0.14984923104034525                                -0.5037489243310919                                 -0.4647288260901523                                 -0.7126074286679546                                ]
[-0.16021469385365775                                -0.34461644510368133                                -0.4748987115818499                                 -0.7937518323603285                                ]
[0.042619904121825626                                -0.3575974970950896                                 -0.36296877733707333                                -0.8593958578690055                                ]
[-0.2525809099992479                                 -0.3993610539288141                                 -0.5493664236592372                                 -0.6891372614107282                                ]
[-0.2202202875207676                                 -0.1778073920785629                                 -0.05780743453786425                                -0.9573640147815465                                ]
[-0.24678398788956862                                -0.5699611273822004                                 -0.46778022682571613                                -0.6288271908763281                                ]
[-0.6081350845307578                                 -0.17413580521789737                                -0.6018957469310391                                 -0.48741147927619555                               ]
[0.26578169983973277                                 0.18322506758957613                                 0.19590991610810415                                 -0.9259632646102183                                ]
[-0.04993650239859881                                -0.4271674049124625                                 -0.45203124137791845                                -0.7814743186611349                                ]
[-0.4413130094848884                                 -0.5572746124324905                                 -0.30150076707951246                                -0.6354408874538009                                ]
[-0.011502468750724292                               -0.03697491959817784                                -0.31391550909348864                                -0.9486609519127067                                ]
