[-0.6114902469711526                                 0.6655771719975808                                  -0.2765421817751564                                 -0.3265135949296715                                ]
[-0.582974261188537                                  0.699203007588549                                   -0.2295589033660642                                 -0.34432379362480436                               ]
[-0.6264497782383834                                 0.6521453751010562                                  -0.2851338924770328                                 -0.3177510793691793                                ]
[-0.6264497782383834                                 0.6521453751010562                                  -0.2851338924770328                                 -0.3177510793691793                                ]
[-0.5983730577943699                                 0.6871206208430589                                  -0.23818925282994594                                -0.33627491127703363                               ]
[-0.5409103501291124                                 0.7220338620632539                                  -0.23854495582422516                                -0.3594153575016538                                ]
[-0.6264497782383834                                 0.6521453751010562                                  -0.2851338924770328                                 -0.3177510793691793                                ]
[-0.640665694130869                                  0.6387348494173382                                  -0.2933382527917079                                 -0.309059751427989                                 ]
[-0.6114902469711526                                 0.6655771719975808                                  -0.2765421817751564                                 -0.3265135949296715                                ]
[-0.4943089705144965                                 0.7521146100446879                                  -0.2218587838496349                                 -0.37518120296063145                               ]
[-0.5665507679226506                                 0.7115177808341596                                  -0.22014783465081064                                -0.3525586558597688                                ]
[-0.5321337233775153                                 0.7293535821169694                                  -0.23568789792767927                                -0.35962239567073556                               ]
[-0.5647773938976852                                 0.703502554944784                                   -0.24996047588891465                                -0.3516111645293523                                ]
[-0.5607206121637902                                 0.7069771822280461                                  -0.25927990273838253                                -0.34431031198546963                               ]
[-0.5988285804416088                                 0.6867430075607253                                  -0.23847994157835245                                -0.3360292997307269                                ]
[-0.6264497782383834                                 0.6521453751010562                                  -0.2851338924770328                                 -0.3177510793691793                                ]
[-0.4896909319227144                                 0.7652392631912477                                  -0.13430451853107847                                -0.3956942728487678                                ]
[-0.4896909319227144                                 0.7652392631912477                                  -0.13430451853107847                                -0.3956942728487678                                ]
[-0.5306150722318231                                 0.7504708541083006                                  -0.14363486441940201                                -0.3668925837048157                                ]
[-0.5241403916376615                                 0.7579334315310214                                  -0.1633764334564321                                 -0.35230938706282794                               ]
[-0.5979121791077595                                 0.7043809249658898                                  -0.1831876807268008                                 -0.33584343413076256                               ]
[-0.3506466196840086                                 0.8255956484800466                                  -0.1396913488901005                                 -0.4194342622631751                                ]
[-0.3506466196840086                                 0.8255956484800466                                  -0.1396913488901005                                 -0.4194342622631751                                ]
[-0.3506466196840086                                 0.8255956484800466                                  -0.1396913488901005                                 -0.4194342622631751                                ]
[-0.5998125210990112                                 0.706619656164754                                   -0.16554360219514344                                -0.3369108440325265                                ]
[-0.6015195161189475                                 0.7086306115743747                                  -0.1478547469738038                                 -0.33786965218123316                               ]
[-0.29851593323549575                                0.8461228267989616                                  -0.1482618537088615                                 -0.4159120367446558                                ]
[-0.48000655152969773                                0.7620943952116931                                  -0.20659945793467194                                -0.3822597379486769                                ]
[-0.559074570488525                                  0.7233667198156714                                  -0.17261361471430803                                -0.36657980483306496                               ]
[-0.46326642810618573                                0.7686841639684239                                  -0.19325542244602645                                -0.3964356370826285                                ]
[-0.46326642810618573                                0.7686841639684239                                  -0.19325542244602645                                -0.3964356370826285                                ]
[-0.40800336276196547                                0.7990414663814148                                  -0.16690563852526935                                -0.4089113581284316                                ]
[-0.43360242675061916                                0.7932601207493684                                  -0.16220194468962665                                -0.3954969601445437                                ]
[-0.38267188453686285                                0.8109785617136623                                  -0.1715434460686588                                 -0.4079814301371261                                ]
[-0.5999954210872865                                 0.6949441285397027                                  -0.20833214599353697                                -0.33712886234822836                               ]
[-0.3885073825000026                                 0.8105774213113257                                  -0.1603302286938118                                 -0.4078240742897217                                ]
[-0.5342068650322704                                 0.7413080252997482                                  -0.17118388936999537                                -0.3684854311892706                                ]
[-0.532114182127008                                  0.7268266098041779                                  -0.23157000123155969                                -0.3673593758017972                                ]
[-0.532114182127008                                  0.7268266098041779                                  -0.23157000123155969                                -0.3673593758017972                                ]
[-0.532114182127008                                  0.7268266098041779                                  -0.23157000123155969                                -0.3673593758017972                                ]
[-0.5961809592157444                                 0.6786484495365898                                  -0.26779105621414273                                -0.3351007251885493                                ]
[-0.5961809592157444                                 0.6786484495365898                                  -0.26779105621414273                                -0.3351007251885493                                ]
[-0.5961809592157444                                 0.6786484495365898                                  -0.26779105621414273                                -0.3351007251885493                                ]
[-0.5961809592157444                                 0.6786484495365898                                  -0.26779105621414273                                -0.3351007251885493                                ]
[-0.5961809592157444                                 0.6786484495365898                                  -0.26779105621414273                                -0.3351007251885493                                ]
[-0.7074478980889739                                 0.5657016575650927                                  -0.33249668870708415                                -0.26257390981669115                               ]
[-0.6548085562046119                                 0.6247219691139038                                  -0.3015417107166562                                 -0.3000346858710683                                ]
[-0.6548085562046119                                 0.6247219691139038                                  -0.3015417107166562                                 -0.3000346858710683                                ]
[-0.6548085562046119                                 0.6247219691139038                                  -0.3015417107166562                                 -0.3000346858710683                                ]
[-0.6261804706085904                                 0.6523932037391499                                  -0.2849788507175172                                 -0.3179122215126299                                ]
