[-0.1642764168831675                                 -0.4459266175762093                                 -0.3016176744314602                                 -0.8265527745181347                                ]
[-0.14984923104034525                                -0.5037489243310919                                 -0.4647288260901523                                 -0.7126074286679546                                ]
[-0.16021469385365775                                -0.34461644510368133                                -0.4748987115818499                                 -0.7937518323603285                                ]
[0.04261990412182562                                 -0.35759749709508953                                -0.3629687773370733                                 -0.8593958578690054                                ]
[-0.3628756708131978                                 -0.4158545084653462                                 -0.40407162213272546                                -0.7294603481395991                                ]
[0.23180600854095185                                 0.06730968125383123                                 0.20183912354464334                                 -0.9492082750485005                                ]
[-0.2525809099992479                                 -0.3993610539288141                                 -0.5493664236592372                                 -0.6891372614107282                                ]
[0.19436298855303252                                 0.4144232223740637                                  0.16792802529831466                                 -0.8730845318508624                                ]
[0.3312068128183624                                  0.13581780651210215                                 0.41868540669883986                                 -0.8346005636197298                                ]
[0.04023727256887522                                 0.39956820973742596                                 0.3975606194216247                                  -0.8250283398456932                                ]
[0.2665441120437292                                  -0.08070006286813469                                0.2726019418960294                                  -0.9209396926305288                                ]
[0.4405259755375623                                  0.09242492930843                                    0.1764112470234205                                  -0.8753705325418789                                ]
[0.11074389094567082                                 0.620138121099549                                   0.12945175887876093                                 -0.7657719918490945                                ]
[0.08020952601503654                                 0.26627321261440207                                 0.20722547576278808                                 -0.937935291145042                                 ]
[-0.5445498581478634                                 -0.37970167522884063                                -0.46870874182727446                                -0.5827556993751732                                ]
[-0.26763675965022143                                -0.25503725715674425                                -0.488458992349033                                  -0.7904014012761248                                ]
[0.13425931290691775                                 -0.2779922264476732                                 -0.2636691682642973                                 -0.913878180415334                                 ]
[-0.22867963188662457                                -0.5296991554521537                                 -0.5910349449515595                                 -0.5637394118913276                                ]
[-0.2202202875207676                                 -0.1778073920785629                                 -0.05780743453786425                                -0.9573640147815465                                ]
[-0.24678398788956862                                -0.5699611273822004                                 -0.46778022682571613                                -0.6288271908763281                                ]
[-0.6081350845307578                                 -0.17413580521789737                                -0.6018957469310391                                 -0.48741147927619555                               ]
[0.26578169983973277                                 0.18322506758957613                                 0.19590991610810415                                 -0.9259632646102183                                ]
[-0.04993650239859881                                -0.4271674049124625                                 -0.45203124137791845                                -0.7814743186611349                                ]
[-0.4413130094848884                                 -0.5572746124324905                                 -0.30150076707951246                                -0.6354408874538009                                ]
[-0.011502468750724292                               -0.03697491959817784                                -0.31391550909348864                                -0.9486609519127067                                ]
