[-0.8641430285695489                                 -0.032459053828651274                               0.47119688857412145                                 -0.17371450197742094                               ]
[-0.13018550977353005                                -0.005405060638495615                               -0.30764887544874436                                0.9425363058257349                                 ]
[-0.1980162542090859                                 -0.45786892896598375                                0.8589331376262177                                  -0.1156696677790963                                ]
[-0.8641430285695489                                 -0.032459053828651274                               0.47119688857412145                                 -0.17371450197742094                               ]
[-0.09997478862465796                                0.7849096470161964                                  0.592220897345066                                   -0.15230330399623568                               ]
[-0.10221761003178166                                0.6857874056100217                                  -0.2669650849717223                                 0.6693107185098018                                 ]
[0.2665441120437292                                  -0.08070006286813469                                0.2726019418960294                                  -0.9209396926305288                                ]
[0.4405259755375623                                  0.09242492930843                                    0.1764112470234205                                  -0.8753705325418789                                ]
[-0.40604508258817107                                0.35141439212190895                                 -0.6546533709800857                                 0.53203785558921                                   ]
[0.5321614807398249                                  0.15724341885317838                                 0.6217231014947976                                  -0.5527558689981055                                ]
[0.4565822032423792                                  -0.03660362621378485                                0.6913189823655936                                  0.5588120711396064                                 ]
[-0.2045043997924247                                 0.5902764115178548                                  -0.40523116921100494                                0.6674873841287386                                 ]
[0.4806295847959545                                  0.18730768727130612                                 0.6368502028773931                                  0.5730033609002361                                 ]
[-0.5207932738430403                                 0.6420805681347598                                  0.19393835168580706                                 0.5281049381410711                                 ]
[-0.4282496548257416                                 0.42352278940782534                                 -0.21965546828393023                                0.767451728284467                                  ]
[3.785042544512221E-4                                -0.5925289980409664                                 -0.07633945278636903                                0.8019236442226751                                 ]
[-0.4848988059333691                                 0.4963836940198801                                  0.5756522505109765                                  0.4325515724133007                                 ]
[0.2407220027718847                                  0.8194490512484023                                  -0.26455104545774866                                0.44784920915057824                                ]
[-0.7056227707090825                                 0.658815521482654                                   0.009966125954834761                                -0.2606900275112734                                ]
[0.57259176438734                                    0.6310148668649185                                  0.33604178985044747                                 -0.4012914459907532                                ]
[0.3695383170982009                                  0.34245560427690114                                 0.5317937773205208                                  -0.6807062286322525                                ]
[-0.5947295143719965                                 -0.5094045465762472                                 0.02969628839288855                                 -0.6212261610057837                                ]
[0.08051511247093183                                 -0.47715953853343407                                -0.07098485054107403                                -0.8722369187577507                                ]
[-0.22867963188662457                                -0.5296991554521537                                 -0.5910349449515595                                 -0.5637394118913276                                ]
[-0.6081350845307578                                 -0.17413580521789737                                -0.6018957469310391                                 -0.48741147927619555                               ]
