[-0.14940965927043262                                -0.1717908818138013                                 -0.3783949745184709                                 -0.8972078298262313                                ]
[-0.2533488924752358                                 -0.3716108430292121                                 -0.5372171293383132                                 -0.7135246849059895                                ]
[-0.3090938603745451                                 -0.2906296856306816                                 -0.5273663924084633                                 -0.7361250297789467                                ]
[-0.25247414562731113                                -0.5059468787986153                                 -0.38727234416722195                                -0.7282133568308972                                ]
[-0.21715149686891186                                -0.3597277607551302                                 -0.46753699500604184                                -0.7777212378805218                                ]
[-0.256233252033046                                  -0.24392511234322328                                -0.2476831370092463                                 -0.9019413083799713                                ]
[-0.05163613580679765                                -0.10188712883199207                                -0.23199215767285722                                -0.9659877645372157                                ]
[-0.33020579432431324                                -0.32071446734597725                                -0.5520933755225605                                 -0.6951972874902063                                ]
[-0.04566017959077224                                -0.04485951221138822                                -0.15271709497148994                                -0.9861948393027433                                ]
[-0.3090938603745451                                 -0.2906296856306816                                 -0.5273663924084633                                 -0.7361250297789467                                ]
[-0.14984923104034525                                -0.5037489243310919                                 -0.4647288260901523                                 -0.7126074286679546                                ]
[-0.16021469385365775                                -0.34461644510368133                                -0.4748987115818499                                 -0.7937518323603285                                ]
[0.042619904121825626                                -0.3575974970950896                                 -0.36296877733707333                                -0.8593958578690055                                ]
[-0.2525809099992479                                 -0.3993610539288141                                 -0.5493664236592372                                 -0.6891372614107282                                ]
[-0.2202202875207676                                 -0.1778073920785629                                 -0.05780743453786425                                -0.9573640147815465                                ]
[-0.24678398788956862                                -0.5699611273822004                                 -0.46778022682571613                                -0.6288271908763281                                ]
[-0.6081350845307578                                 -0.17413580521789737                                -0.6018957469310391                                 -0.48741147927619555                               ]
[0.26578169983973277                                 0.18322506758957613                                 0.19590991610810415                                 -0.9259632646102183                                ]
[-0.1513346052743801                                 -0.41672075665291036                                -0.5040571194742051                                 -0.7411936781492677                                ]
[-0.14112412196139065                                -0.4850284195457917                                 -0.5287032808211065                                 -0.6821321391655258                                ]
[-0.04993650239859881                                -0.4271674049124625                                 -0.45203124137791845                                -0.7814743186611349                                ]
[-0.4413130094848884                                 -0.5572746124324905                                 -0.30150076707951246                                -0.6354408874538009                                ]
[-0.2807430097365935                                 -0.2990482578897046                                 -0.4262255294801197                                 -0.8062786738817811                                ]
[-0.2479415182697825                                 -0.30267271223318315                                -0.31840784043009507                                -0.8634411849918482                                ]
[-0.011502468750724292                               -0.03697491959817784                                -0.31391550909348864                                -0.9486609519127067                                ]
