[-0.4678187726293004                                 0.7930587989011505                                  -0.09817867444020764                                -0.377576860183782                                 ]
[-0.613560523728094                                  0.71604745039376                                    -0.03338467528482859                                -0.33121744513722307                               ]
[-0.16235886548902456                                0.8855979315154807                                  -0.012886141885707992                               -0.4349595956406987                                ]
[-0.05353308244443915                                0.3145927606818576                                  -0.06130607662450128                                -0.945731023589411                                 ]
[-0.5560982599250327                                 0.6344866129279689                                  -0.18256496679402318                                -0.5048281848540569                                ]
[-0.16713109784878222                                0.8848876996492615                                  -0.012873862033993641                               -0.4345977666965499                                ]
[-0.31086639431784757                                0.832751451987081                                   -0.11020013815378686                                -0.4446830710158813                                ]
[-0.26089163999429665                                0.8678780882988378                                  0.020080343050450037                                -0.4222794760047156                                ]
[-0.5961809592157444                                 0.6786484495365898                                  -0.26779105621414273                                -0.3351007251885493                                ]
[-0.5241403916376614                                 0.7579334315310213                                  -0.16337643345643207                                -0.3523093870628279                                ]
[-0.5961809592157444                                 0.6786484495365898                                  -0.26779105621414273                                -0.3351007251885493                                ]
[-0.11017081594454595                                -0.44293495053167425                                -0.23295823834557852                                -0.8587208394458242                                ]
[-0.2308041982927095                                 0.8666764057995973                                  -0.08321818509554516                                -0.43436869517744375                               ]
[-0.4092904737695658                                 0.8084947293591124                                  -0.11228792567656394                                -0.407687383208353                                 ]
[-0.2408398032814503                                 0.5950562590988224                                  -0.027520082656106993                               -0.7662551028954186                                ]
[-0.2397606769833036                                 0.8714908356848695                                  -0.039317154038184116                               -0.4259961296633264                                ]
[-0.44646383377485754                                0.7054304992485773                                  0.33255115384391293                                 -0.438688483935972                                 ]
[-0.729240857722432                                  0.1162256262630107                                  0.2609889569365939                                  -0.6217589079258709                                ]
[0.57259176438734                                    0.6310148668649185                                  0.33604178985044747                                 -0.4012914459907532                                ]
[-0.42654799584832875                                0.17652865345881408                                 -0.31280937448436663                                -0.8300871863729083                                ]
[-0.5984979360067438                                 0.6539015105639253                                  0.40291388229490327                                 -0.2277574115850744                                ]
[-0.6391973445667043                                 0.623740351681215                                   0.3188771089953467                                  -0.31732021325821325                               ]
[-0.2944392331209453                                 -0.3801149788253671                                 -0.38052002151231434                                -0.7899510453819327                                ]
[0.5122823084899685                                  0.7081914389709557                                  0.3482572860565826                                  -0.3387456049677095                                ]
[0.08051511247093183                                 -0.47715953853343407                                -0.07098485054107403                                -0.8722369187577507                                ]
[-0.07208246408798334                                0.19536990794966214                                 0.36037545328288373                                 -0.9092657752878974                                ]
[-0.21171290291205186                                0.8315244432290048                                  0.21908938655087837                                 -0.4644831404410775                                ]
[-0.2982812468607149                                 -0.3797683013206986                                 -0.02458142187682778                                -0.8753285604741353                                ]
[-0.1991480572306629                                 -0.09974454689556667                                0.1798046526951604                                  -0.9581551876053396                                ]
[0.3939623778318389                                  0.2429638048968882                                  0.1359214854796539                                  -0.8759495328773882                                ]
[-0.4721507822225952                                 0.7933817040456537                                  0.11041981028974358                                 -0.3680035000211052                                ]
[-0.5040383430312783                                 0.4853466051324323                                  -0.0013141332824266128                              -0.7144104525372108                                ]
[-0.5684248695459799                                 0.7303981335323824                                  0.16435571846837616                                 -0.3411728770298015                                ]
[0.10562642890073777                                 0.6070033929447782                                  0.2009750004810819                                  -0.7615766459476248                                ]
[0.03126206241132046                                 0.8865564768863287                                  0.09232901748840702                                 -0.45223406469915217                               ]
[-0.1741008772284308                                 0.8830446907471287                                  0.07544930866479176                                 -0.42921831334835175                               ]
[-0.6301968930811209                                 0.4682286737136072                                  -0.16389230800575116                                -0.5972881184485814                                ]
[-0.7056227707090826                                 0.6588155214826541                                  0.009966125954834763                                -0.26069002751127346                               ]
[-0.36973527838725645                                0.8422618083163833                                  0.05557658846261147                                 -0.3883324773726395                                ]
[-0.1755003725323908                                 0.890338131372281                                   -0.010366296485910172                               -0.4199882986020839                                ]
[-0.14918137361259726                                0.8804940375160056                                  -0.015394220898361037                               -0.4497090010537412                                ]
[-0.1587295595071064                                 0.8791692577938538                                  -0.015371058956524374                               -0.4490323748188312                                ]
[-0.1418166973078885                                 0.8669251387279803                                  -0.020338666767351018                               -0.477404615436719                                 ]
[-0.7179452176748765                                 0.6209466255701309                                  -0.1682017542990832                                 -0.26587238002762303                               ]
[-0.7179452176748765                                 0.6209466255701309                                  -0.1682017542990832                                 -0.26587238002762303                               ]
[-0.5141700820581406                                 0.7585542069459908                                  -0.07452391182595738                                -0.3932821231724381                                ]
[-0.29851593323549575                                0.8461228267989616                                  -0.1482618537088615                                 -0.4159120367446558                                ]
[-0.46326642810618573                                0.7686841639684239                                  -0.19325542244602645                                -0.3964356370826285                                ]
[-0.46326642810618573                                0.7686841639684239                                  -0.19325542244602645                                -0.3964356370826285                                ]
[-0.7074478980889739                                 0.5657016575650927                                  -0.33249668870708415                                -0.26257390981669115                               ]
