[0.6901987869929724                                  0.6552249469486837                                  0.29832768794350706                                 0.07284568577345887                                ]
[0.6455958466848019                                  0.3687738648156958                                  0.30363047696180573                                 0.5958358606463487                                 ]
[-0.4605897572211177                                 -0.5157762308815064                                 -0.28287961656590704                                -0.6646887073902975                                ]
[-0.1263889639093862                                 0.12518929810464383                                 0.017859069540551636                                0.9838874544769458                                 ]
[0.2711153533481015                                  -0.45676237001255654                                0.8440542332195846                                  -0.07373638113947345                               ]
[0.5384562036030441                                  -0.7564148648800306                                 0.2516504863336979                                  -0.27308149281475536                               ]
[-0.47507349553394035                                -0.1733245224233228                                 -0.20563476825471122                                0.8378413488559282                                 ]
[0.6501404515846901                                  0.43533270638588284                                 0.6122964905125191                                  -0.1135598329958721                                ]
[0.2407220027718847                                  0.8194490512484023                                  -0.26455104545774866                                0.44784920915057824                                ]
[-0.5207932738430403                                 0.6420805681347598                                  0.19393835168580706                                 0.5281049381410711                                 ]
[0.13746077706218268                                 0.09930959205517352                                 -0.3978874811782725                                 0.9016250284996008                                 ]
[0.4806295847959545                                  0.18730768727130612                                 0.6368502028773931                                  0.5730033609002361                                 ]
[-0.4282496548257416                                 0.42352278940782534                                 -0.21965546828393023                                0.767451728284467                                  ]
[-0.2045043997924247                                 0.5902764115178548                                  -0.40523116921100494                                0.6674873841287386                                 ]
[-0.12638896390938623                                0.12518929810464385                                 0.01785906954055164                                 0.9838874544769459                                 ]
[3.785042544512221E-4                                -0.5925289980409664                                 -0.07633945278636903                                0.8019236442226751                                 ]
[-0.7056227707090826                                 0.6588155214826541                                  0.009966125954834763                                -0.26069002751127346                               ]
[-0.4925245983281499                                 -0.5114930765066417                                 -0.4411227456421636                                 0.5488215338382638                                 ]
[0.57259176438734                                    0.6310148668649185                                  0.33604178985044747                                 -0.4012914459907532                                ]
[0.3695383170982009                                  0.34245560427690114                                 0.5317937773205208                                  -0.6807062286322525                                ]
[-0.5947295143719965                                 -0.5094045465762472                                 0.02969628839288855                                 -0.6212261610057837                                ]
[0.08051511247093183                                 -0.47715953853343407                                -0.07098485054107403                                -0.8722369187577507                                ]
[-0.437548547322757                                  -0.6117350953287395                                 -0.2249649911252026                                 -0.619453141607112                                 ]
[-0.22867963188662457                                -0.5296991554521537                                 -0.5910349449515595                                 -0.5637394118913276                                ]
[-0.6081350845307578                                 -0.17413580521789737                                -0.6018957469310391                                 -0.48741147927619555                               ]
