[-0.5836244985869422                                 0.6794103944014966                                  -0.29696908194195415                                -0.33104882570233646                               ]
[-0.6335660380343003                                 0.6455138323135913                                  -0.28923585136844554                                -0.3134463112313031                                ]
[-0.627290275571363                                  0.6513704571285881                                  -0.2856178604956696                                 -0.31724734123326237                               ]
[-0.627290275571363                                  0.6513704571285881                                  -0.2856178604956696                                 -0.31724734123326237                               ]
[-0.6264161210855942                                 0.652176360242196                                   -0.28511451512489455                                -0.31777122533422647                               ]
[-0.6263521854797599                                 0.6522352103305111                                  -0.2850777062291568                                 -0.3178094894130208                                ]
[-0.6335162133049093                                 0.6455608249109539                                  -0.28920709684704726                                -0.31347676780488876                               ]
[-0.6280994546108714                                 0.6506223243636395                                  -0.2860839235093855                                 -0.31676119532963165                               ]
[-0.6264329498870524                                 0.6521608679059333                                  -0.28512420390340254                                -0.3177611524658675                                ]
[-0.627256663442953                                  0.651401489084027                                   -0.28559850364025285                                -0.31726751000374226                               ]
[-0.6271591959972599                                 0.6514914546272835                                  -0.28554237443816766                                -0.31732598353099                                  ]
[-0.6264497782383835                                 0.6521453751010563                                  -0.28513389247703286                                -0.31775107936917935                               ]
[-0.627256663442953                                  0.651401489084027                                   -0.28559850364025285                                -0.31726751000374226                               ]
[-0.6264161210855942                                 0.652176360242196                                   -0.28511451512489455                                -0.31777122533422647                               ]
[-0.6299679495980198                                 0.6488869170182168                                  -0.28716060501837637                                -0.31563418434532825                               ]
[-0.6336658511880672                                 0.6454196686222535                                  -0.28929345636348797                                -0.31338528443261277                               ]
[-0.6299330618830251                                 0.6489194209066741                                  -0.2871404954800433                                 -0.31565528440420415                               ]
[-0.6371429465868605                                 0.6421191836479856                                  -0.29130142772607914                                -0.3112479683638203                                ]
[-0.6300348720667095                                 0.6488245564593607                                  -0.287199180291026                                  -0.3155937036053819                                ]
[-0.629938894636929                                  0.6489139869650151                                  -0.2871438575062478                                 -0.31565175691132147                               ]
[-0.6264497782383835                                 0.6521453751010563                                  -0.28513389247703286                                -0.31775107936917935                               ]
[-0.6264497782383835                                 0.6521453751010563                                  -0.28513389247703286                                -0.31775107936917935                               ]
[-0.6335964933646249                                 0.645485104176253                                   -0.2892534277916712                                 -0.31342769244818053                               ]
[-0.6300058281095342                                 0.6488516223193357                                  -0.28718243874269883                                -0.31561127299160635                               ]
[-0.6264497782383835                                 0.6521453751010563                                  -0.28513389247703286                                -0.31775107936917935                               ]
[-0.6335299506997015                                 0.6455478691756646                                  -0.2892150248331608                                 -0.3134683709402705                                ]
[-0.6335993004877827                                 0.6454824561009074                                  -0.2892550478518133                                 -0.3134259762361408                                ]
[-0.6263824621323445                                 0.6522073435088344                                  -0.2850951369532731                                 -0.3177913703859278                                ]
[-0.6335327737606622                                 0.6455452066717949                                  -0.28921665405413943                                -0.3134666453259734                                ]
[-0.6264497782383835                                 0.6521453751010563                                  -0.28513389247703286                                -0.31775107936917935                               ]
[-0.629938894636929                                  0.6489139869650151                                  -0.2871438575062478                                 -0.31565175691132147                               ]
[-0.62631513882485                                   0.6522693044182508                                  -0.28505637815180346                                -0.31783165774906114                               ]
[-0.6334634007511486                                 0.6456106267532782                                  -0.2891766185495746                                 -0.3135090458284465                                ]
[-0.62631513882485                                   0.6522693044182508                                  -0.28505637815180346                                -0.31783165774906114                               ]
[-0.6264497782383835                                 0.6521453751010563                                  -0.28513389247703286                                -0.31775107936917935                               ]
[-0.6335993004877827                                 0.6454824561009074                                  -0.2892550478518133                                 -0.3134259762361408                                ]
[-0.6335993004877827                                 0.6454824561009074                                  -0.2892550478518133                                 -0.3134259762361408                                ]
[-0.6264497782383835                                 0.6521453751010563                                  -0.28513389247703286                                -0.31775107936917935                               ]
[-0.6335415479375522                                 0.6455369313480303                                  -0.28922171774272054                                -0.3134612819609607                                ]
[-0.6406601458967202                                 0.6387402120961925                                  -0.29333504285212625                                -0.30906321609962867                               ]
[-0.6262545775863737                                 0.6523250297997831                                  -0.28502151309285045                                -0.3178678917775226                                ]
[-0.6407972226738121                                 0.6386076895587995                                  -0.29341435069055954                                -0.30897759960673227                               ]
[-0.6264497782383835                                 0.6521453751010563                                  -0.28513389247703286                                -0.31775107936917935                               ]
[-0.62631513882485                                   0.6522693044182508                                  -0.28505637815180346                                -0.31783165774906114                               ]
[-0.6264497782383835                                 0.6521453751010563                                  -0.28513389247703286                                -0.31775107936917935                               ]
[-0.6264497782383835                                 0.6521453751010563                                  -0.28513389247703286                                -0.31775107936917935                               ]
[-0.6264497782383835                                 0.6521453751010563                                  -0.28513389247703286                                -0.31775107936917935                               ]
[-0.640665694130869                                  0.6387348494173382                                  -0.2933382527917079                                 -0.309059751427989                                 ]
[-0.6264497782383835                                 0.6521453751010563                                  -0.28513389247703286                                -0.31775107936917935                               ]
[-0.6261804706085904                                 0.6523932037391499                                  -0.2849788507175172                                 -0.3179122215126299                                ]
