[-0.437548547322757                                  -0.6117350953287395                                 -0.2249649911252026                                 -0.619453141607112                                 ]
[-0.4925245983281499                                 -0.5114930765066417                                 -0.4411227456421636                                 0.5488215338382638                                 ]
[0.6455958466848019                                  0.3687738648156958                                  0.30363047696180573                                 0.5958358606463487                                 ]
[-0.060772257931013096                               -0.9126851655599229                                 -0.0655809812530749                                 -0.3987626563893697                                ]
[-0.23759506115812462                                -0.9302976336033982                                 0.09430483580387591                                 -0.2630617755759819                                ]
[0.13746077706218265                                 0.0993095920551735                                  -0.39788748117827244                                0.9016250284996007                                 ]
[0.6743731270528469                                  -0.6445775626420607                                 0.13285713334807503                                 -0.3347978992854003                                ]
[-0.1263889639093862                                 0.12518929810464383                                 0.017859069540551636                                0.9838874544769458                                 ]
[-0.7832029902606974                                 -0.06312050891515628                                -0.5737061418157754                                 0.23123611362382646                                ]
[0.5321614807398249                                  0.15724341885317838                                 0.6217231014947976                                  -0.5527558689981055                                ]
[0.4565822032423792                                  -0.03660362621378485                                0.6913189823655936                                  0.5588120711396064                                 ]
[0.4732438787569512                                  -0.8406428322382951                                 -0.26278753738588445                                0.017394539951274476                               ]
[0.2407220027718847                                  0.8194490512484023                                  -0.26455104545774866                                0.44784920915057824                                ]
[-0.5207932738430403                                 0.6420805681347598                                  0.19393835168580706                                 0.5281049381410711                                 ]
[0.4806295847959545                                  0.18730768727130612                                 0.6368502028773931                                  0.5730033609002361                                 ]
[-0.4282496548257416                                 0.42352278940782534                                 -0.21965546828393023                                0.767451728284467                                  ]
[-0.2045043997924247                                 0.5902764115178548                                  -0.40523116921100494                                0.6674873841287386                                 ]
[3.785042544512221E-4                                -0.5925289980409664                                 -0.07633945278636903                                0.8019236442226751                                 ]
[-0.7056227707090825                                 0.658815521482654                                   0.009966125954834761                                -0.2606900275112734                                ]
[0.57259176438734                                    0.6310148668649185                                  0.33604178985044747                                 -0.4012914459907532                                ]
[0.3695383170982009                                  0.34245560427690114                                 0.5317937773205208                                  -0.6807062286322525                                ]
[-0.5947295143719965                                 -0.5094045465762472                                 0.02969628839288855                                 -0.6212261610057837                                ]
[0.08051511247093183                                 -0.47715953853343407                                -0.07098485054107403                                -0.8722369187577507                                ]
[-0.22867963188662457                                -0.5296991554521537                                 -0.5910349449515595                                 -0.5637394118913276                                ]
[-0.6081350845307578                                 -0.17413580521789737                                -0.6018957469310391                                 -0.48741147927619555                               ]
